[2022-09-28 00:08:18.814 +06:00  INF]  User profile is available. Using 'C:\Users\User\AppData\Local\ASP.NET\DataProtection-Keys' as key repository and Windows DPAPI to encrypt keys at rest.
[2022-09-28 00:08:37.776 +06:00  INF]  Entity Framework Core 6.0.1 initialized 'ApplicationDbContext' using provider 'Microsoft.EntityFrameworkCore.SqlServer:6.0.1' with options: None
[2022-09-28 00:08:47.327 +06:00  ERR]  An exception occurred while iterating over the results of a query for context type 'Authorization_System.API.Context.ApplicationDbContext'.
System.InvalidOperationException: A second operation was started on this context instance before a previous operation completed. This is usually caused by different threads concurrently using the same instance of DbContext. For more information on how to avoid threading issues with DbContext, see https://go.microsoft.com/fwlink/?linkid=2097913.
   at Microsoft.EntityFrameworkCore.Infrastructure.Internal.ConcurrencyDetector.EnterCriticalSection()
   at Microsoft.EntityFrameworkCore.Query.Internal.SingleQueryingEnumerable`1.AsyncEnumerator.MoveNextAsync()
System.InvalidOperationException: A second operation was started on this context instance before a previous operation completed. This is usually caused by different threads concurrently using the same instance of DbContext. For more information on how to avoid threading issues with DbContext, see https://go.microsoft.com/fwlink/?linkid=2097913.
   at Microsoft.EntityFrameworkCore.Infrastructure.Internal.ConcurrencyDetector.EnterCriticalSection()
   at Microsoft.EntityFrameworkCore.Query.Internal.SingleQueryingEnumerable`1.AsyncEnumerator.MoveNextAsync()
[2022-09-28 00:19:01.415 +06:00  INF]  User profile is available. Using 'C:\Users\User\AppData\Local\ASP.NET\DataProtection-Keys' as key repository and Windows DPAPI to encrypt keys at rest.
[2022-09-28 00:19:28.040 +06:00  INF]  Entity Framework Core 6.0.1 initialized 'ApplicationDbContext' using provider 'Microsoft.EntityFrameworkCore.SqlServer:6.0.1' with options: None
[2022-09-28 00:21:25.045 +06:00  ERR]  An exception occurred while iterating over the results of a query for context type 'Authorization_System.API.Context.ApplicationDbContext'.
System.InvalidOperationException: A second operation was started on this context instance before a previous operation completed. This is usually caused by different threads concurrently using the same instance of DbContext. For more information on how to avoid threading issues with DbContext, see https://go.microsoft.com/fwlink/?linkid=2097913.
   at Microsoft.EntityFrameworkCore.Infrastructure.Internal.ConcurrencyDetector.EnterCriticalSection()
   at Microsoft.EntityFrameworkCore.Query.Internal.SingleQueryingEnumerable`1.AsyncEnumerator.MoveNextAsync()
System.InvalidOperationException: A second operation was started on this context instance before a previous operation completed. This is usually caused by different threads concurrently using the same instance of DbContext. For more information on how to avoid threading issues with DbContext, see https://go.microsoft.com/fwlink/?linkid=2097913.
   at Microsoft.EntityFrameworkCore.Infrastructure.Internal.ConcurrencyDetector.EnterCriticalSection()
   at Microsoft.EntityFrameworkCore.Query.Internal.SingleQueryingEnumerable`1.AsyncEnumerator.MoveNextAsync()
[2022-09-28 00:30:04.925 +06:00  INF]  User profile is available. Using 'C:\Users\User\AppData\Local\ASP.NET\DataProtection-Keys' as key repository and Windows DPAPI to encrypt keys at rest.
[2022-09-28 00:30:19.229 +06:00  INF]  Entity Framework Core 6.0.1 initialized 'ApplicationDbContext' using provider 'Microsoft.EntityFrameworkCore.SqlServer:6.0.1' with options: None
[2022-09-28 00:30:22.442 +06:00  INF]  Executed DbCommand (268ms) [Parameters=[@__normalizedUserName_0='?' (Size = 256)], CommandType='"Text"', CommandTimeout='30']
SELECT TOP(1) [a].[Id], [a].[AccessFailedCount], [a].[ConcurrencyStamp], [a].[Email], [a].[EmailConfirmed], [a].[LockoutEnabled], [a].[LockoutEnd], [a].[NormalizedEmail], [a].[NormalizedUserName], [a].[PasswordHash], [a].[PhoneNumber], [a].[PhoneNumberConfirmed], [a].[SecurityStamp], [a].[TwoFactorEnabled], [a].[UserName]
FROM [AspNetUsers] AS [a]
WHERE [a].[NormalizedUserName] = @__normalizedUserName_0
[2022-09-28 00:30:39.686 +06:00  INF]  Now listening on: https://localhost:7190
[2022-09-28 00:30:39.686 +06:00  INF]  Now listening on: http://localhost:5190
[2022-09-28 00:30:39.687 +06:00  INF]  Application started. Press Ctrl+C to shut down.
[2022-09-28 00:30:39.687 +06:00  INF]  Hosting environment: Development
[2022-09-28 00:30:39.687 +06:00  INF]  Content root path: D:\Authorization_System\Authorization_System\Authorization_System.API\
[2022-09-28 00:30:41.933 +06:00  INF]  Request starting HTTP/2 GET https://localhost:7190/swagger/index.html - -
[2022-09-28 00:30:42.746 +06:00  INF]  Request starting HTTP/2 GET https://localhost:7190/_framework/aspnetcore-browser-refresh.js - -
[2022-09-28 00:30:42.748 +06:00  INF]  Request finished HTTP/2 GET https://localhost:7190/swagger/index.html - - - 200 - text/html;charset=utf-8 821.0409ms
[2022-09-28 00:30:42.774 +06:00  INF]  Request finished HTTP/2 GET https://localhost:7190/_framework/aspnetcore-browser-refresh.js - - - 200 12018 application/javascript;+charset=utf-8 28.0063ms
[2022-09-28 00:30:43.581 +06:00  INF]  Request starting HTTP/2 GET https://localhost:7190/swagger/v1/swagger.json - -
[2022-09-28 00:30:43.933 +06:00  INF]  Request finished HTTP/2 GET https://localhost:7190/swagger/v1/swagger.json - - - 200 - application/json;charset=utf-8 352.8748ms
[2022-09-28 00:31:18.280 +06:00  INF]  User profile is available. Using 'C:\Users\User\AppData\Local\ASP.NET\DataProtection-Keys' as key repository and Windows DPAPI to encrypt keys at rest.
[2022-09-28 00:31:20.346 +06:00  INF]  Entity Framework Core 6.0.1 initialized 'ApplicationDbContext' using provider 'Microsoft.EntityFrameworkCore.SqlServer:6.0.1' with options: None
[2022-09-28 00:31:23.206 +06:00  INF]  Executed DbCommand (241ms) [Parameters=[@__normalizedUserName_0='?' (Size = 256)], CommandType='"Text"', CommandTimeout='30']
SELECT TOP(1) [a].[Id], [a].[AccessFailedCount], [a].[ConcurrencyStamp], [a].[Email], [a].[EmailConfirmed], [a].[LockoutEnabled], [a].[LockoutEnd], [a].[NormalizedEmail], [a].[NormalizedUserName], [a].[PasswordHash], [a].[PhoneNumber], [a].[PhoneNumberConfirmed], [a].[SecurityStamp], [a].[TwoFactorEnabled], [a].[UserName]
FROM [AspNetUsers] AS [a]
WHERE [a].[NormalizedUserName] = @__normalizedUserName_0
[2022-09-28 00:31:23.423 +06:00  INF]  Executed DbCommand (21ms) [Parameters=[@__normalizedUserName_0='?' (Size = 256)], CommandType='"Text"', CommandTimeout='30']
SELECT TOP(1) [a].[Id], [a].[AccessFailedCount], [a].[ConcurrencyStamp], [a].[Email], [a].[EmailConfirmed], [a].[LockoutEnabled], [a].[LockoutEnd], [a].[NormalizedEmail], [a].[NormalizedUserName], [a].[PasswordHash], [a].[PhoneNumber], [a].[PhoneNumberConfirmed], [a].[SecurityStamp], [a].[TwoFactorEnabled], [a].[UserName]
FROM [AspNetUsers] AS [a]
WHERE [a].[NormalizedUserName] = @__normalizedUserName_0
[2022-09-28 00:31:24.212 +06:00  INF]  Executed DbCommand (255ms) [Parameters=[@p0='?' (Size = 450), @p1='?' (DbType = Int32), @p2='?' (Size = 4000), @p3='?' (Size = 256), @p4='?' (DbType = Boolean), @p5='?' (DbType = Boolean), @p6='?' (DbType = DateTimeOffset), @p7='?' (Size = 256), @p8='?' (Size = 256), @p9='?' (Size = 4000), @p10='?' (Size = 4000), @p11='?' (DbType = Boolean), @p12='?' (Size = 4000), @p13='?' (DbType = Boolean), @p14='?' (Size = 256)], CommandType='"Text"', CommandTimeout='30']
SET NOCOUNT ON;
INSERT INTO [AspNetUsers] ([Id], [AccessFailedCount], [ConcurrencyStamp], [Email], [EmailConfirmed], [LockoutEnabled], [LockoutEnd], [NormalizedEmail], [NormalizedUserName], [PasswordHash], [PhoneNumber], [PhoneNumberConfirmed], [SecurityStamp], [TwoFactorEnabled], [UserName])
VALUES (@p0, @p1, @p2, @p3, @p4, @p5, @p6, @p7, @p8, @p9, @p10, @p11, @p12, @p13, @p14);
[2022-09-28 00:31:24.312 +06:00  INF]  Executed DbCommand (8ms) [Parameters=[@__normalizedName_0='?' (Size = 256)], CommandType='"Text"', CommandTimeout='30']
SELECT TOP(1) [a].[Id], [a].[ConcurrencyStamp], [a].[Name], [a].[NormalizedName]
FROM [AspNetRoles] AS [a]
WHERE [a].[NormalizedName] = @__normalizedName_0
[2022-09-28 00:31:24.326 +06:00  INF]  Executed DbCommand (4ms) [Parameters=[@__normalizedName_0='?' (Size = 256)], CommandType='"Text"', CommandTimeout='30']
SELECT TOP(1) [a].[Id], [a].[ConcurrencyStamp], [a].[Name], [a].[NormalizedName]
FROM [AspNetRoles] AS [a]
WHERE [a].[NormalizedName] = @__normalizedName_0
[2022-09-28 00:31:24.471 +06:00  INF]  Executed DbCommand (84ms) [Parameters=[@p0='?' (Size = 450), @p1='?' (Size = 4000), @p2='?' (Size = 256), @p3='?' (Size = 256)], CommandType='"Text"', CommandTimeout='30']
SET NOCOUNT ON;
INSERT INTO [AspNetRoles] ([Id], [ConcurrencyStamp], [Name], [NormalizedName])
VALUES (@p0, @p1, @p2, @p3);
[2022-09-28 00:31:24.535 +06:00  INF]  Executed DbCommand (58ms) [Parameters=[@__normalizedName_0='?' (Size = 256)], CommandType='"Text"', CommandTimeout='30']
SELECT TOP(1) [a].[Id], [a].[ConcurrencyStamp], [a].[Name], [a].[NormalizedName]
FROM [AspNetRoles] AS [a]
WHERE [a].[NormalizedName] = @__normalizedName_0
[2022-09-28 00:31:24.539 +06:00  INF]  Executed DbCommand (1ms) [Parameters=[@__normalizedName_0='?' (Size = 256)], CommandType='"Text"', CommandTimeout='30']
SELECT TOP(1) [a].[Id], [a].[ConcurrencyStamp], [a].[Name], [a].[NormalizedName]
FROM [AspNetRoles] AS [a]
WHERE [a].[NormalizedName] = @__normalizedName_0
[2022-09-28 00:31:24.543 +06:00  INF]  Executed DbCommand (4ms) [Parameters=[@p0='?' (Size = 450), @p1='?' (Size = 4000), @p2='?' (Size = 256), @p3='?' (Size = 256)], CommandType='"Text"', CommandTimeout='30']
SET NOCOUNT ON;
INSERT INTO [AspNetRoles] ([Id], [ConcurrencyStamp], [Name], [NormalizedName])
VALUES (@p0, @p1, @p2, @p3);
[2022-09-28 00:31:24.548 +06:00  INF]  Executed DbCommand (4ms) [Parameters=[@__normalizedName_0='?' (Size = 256)], CommandType='"Text"', CommandTimeout='30']
SELECT TOP(1) [a].[Id], [a].[ConcurrencyStamp], [a].[Name], [a].[NormalizedName]
FROM [AspNetRoles] AS [a]
WHERE [a].[NormalizedName] = @__normalizedName_0
[2022-09-28 00:31:24.590 +06:00  INF]  Executed DbCommand (3ms) [Parameters=[@__normalizedRoleName_0='?' (Size = 256)], CommandType='"Text"', CommandTimeout='30']
SELECT TOP(2) [a].[Id], [a].[ConcurrencyStamp], [a].[Name], [a].[NormalizedName]
FROM [AspNetRoles] AS [a]
WHERE [a].[NormalizedName] = @__normalizedRoleName_0
[2022-09-28 00:31:24.650 +06:00  INF]  Executed DbCommand (5ms) [Parameters=[@__p_0='?' (Size = 450), @__p_1='?' (Size = 450)], CommandType='"Text"', CommandTimeout='30']
SELECT TOP(1) [a].[UserId], [a].[RoleId]
FROM [AspNetUserRoles] AS [a]
WHERE ([a].[UserId] = @__p_0) AND ([a].[RoleId] = @__p_1)
[2022-09-28 00:31:24.703 +06:00  INF]  Executed DbCommand (5ms) [Parameters=[@__normalizedRoleName_0='?' (Size = 256)], CommandType='"Text"', CommandTimeout='30']
SELECT TOP(2) [a].[Id], [a].[ConcurrencyStamp], [a].[Name], [a].[NormalizedName]
FROM [AspNetRoles] AS [a]
WHERE [a].[NormalizedName] = @__normalizedRoleName_0
[2022-09-28 00:31:24.742 +06:00  INF]  Executed DbCommand (8ms) [Parameters=[@__normalizedUserName_0='?' (Size = 256)], CommandType='"Text"', CommandTimeout='30']
SELECT TOP(1) [a].[Id], [a].[AccessFailedCount], [a].[ConcurrencyStamp], [a].[Email], [a].[EmailConfirmed], [a].[LockoutEnabled], [a].[LockoutEnd], [a].[NormalizedEmail], [a].[NormalizedUserName], [a].[PasswordHash], [a].[PhoneNumber], [a].[PhoneNumberConfirmed], [a].[SecurityStamp], [a].[TwoFactorEnabled], [a].[UserName]
FROM [AspNetUsers] AS [a]
WHERE [a].[NormalizedUserName] = @__normalizedUserName_0
[2022-09-28 00:31:24.852 +06:00  INF]  Executed DbCommand (77ms) [Parameters=[@p0='?' (Size = 450), @p1='?' (Size = 450)], CommandType='"Text"', CommandTimeout='30']
SET NOCOUNT ON;
INSERT INTO [AspNetUserRoles] ([RoleId], [UserId])
VALUES (@p0, @p1);
[2022-09-28 00:31:24.888 +06:00  INF]  Executed DbCommand (29ms) [Parameters=[@p14='?' (Size = 450), @p0='?' (DbType = Int32), @p1='?' (Size = 4000), @p15='?' (Size = 4000), @p2='?' (Size = 256), @p3='?' (DbType = Boolean), @p4='?' (DbType = Boolean), @p5='?' (DbType = DateTimeOffset), @p6='?' (Size = 256), @p7='?' (Size = 256), @p8='?' (Size = 4000), @p9='?' (Size = 4000), @p10='?' (DbType = Boolean), @p11='?' (Size = 4000), @p12='?' (DbType = Boolean), @p13='?' (Size = 256)], CommandType='"Text"', CommandTimeout='30']
SET NOCOUNT ON;
UPDATE [AspNetUsers] SET [AccessFailedCount] = @p0, [ConcurrencyStamp] = @p1, [Email] = @p2, [EmailConfirmed] = @p3, [LockoutEnabled] = @p4, [LockoutEnd] = @p5, [NormalizedEmail] = @p6, [NormalizedUserName] = @p7, [PasswordHash] = @p8, [PhoneNumber] = @p9, [PhoneNumberConfirmed] = @p10, [SecurityStamp] = @p11, [TwoFactorEnabled] = @p12, [UserName] = @p13
WHERE [Id] = @p14 AND [ConcurrencyStamp] = @p15;
SELECT @@ROWCOUNT;
[2022-09-28 00:31:24.902 +06:00  INF]  Executed DbCommand (5ms) [Parameters=[@__normalizedName_0='?' (Size = 256)], CommandType='"Text"', CommandTimeout='30']
SELECT TOP(1) [a].[Id], [a].[ConcurrencyStamp], [a].[Name], [a].[NormalizedName]
FROM [AspNetRoles] AS [a]
WHERE [a].[NormalizedName] = @__normalizedName_0
[2022-09-28 00:31:24.906 +06:00  INF]  Executed DbCommand (3ms) [Parameters=[@__normalizedRoleName_0='?' (Size = 256)], CommandType='"Text"', CommandTimeout='30']
SELECT TOP(2) [a].[Id], [a].[ConcurrencyStamp], [a].[Name], [a].[NormalizedName]
FROM [AspNetRoles] AS [a]
WHERE [a].[NormalizedName] = @__normalizedRoleName_0
[2022-09-28 00:31:24.913 +06:00  INF]  Executed DbCommand (3ms) [Parameters=[@__p_0='?' (Size = 450), @__p_1='?' (Size = 450)], CommandType='"Text"', CommandTimeout='30']
SELECT TOP(1) [a].[UserId], [a].[RoleId]
FROM [AspNetUserRoles] AS [a]
WHERE ([a].[UserId] = @__p_0) AND ([a].[RoleId] = @__p_1)
[2022-09-28 00:31:24.918 +06:00  INF]  Executed DbCommand (4ms) [Parameters=[@__normalizedRoleName_0='?' (Size = 256)], CommandType='"Text"', CommandTimeout='30']
SELECT TOP(2) [a].[Id], [a].[ConcurrencyStamp], [a].[Name], [a].[NormalizedName]
FROM [AspNetRoles] AS [a]
WHERE [a].[NormalizedName] = @__normalizedRoleName_0
[2022-09-28 00:31:24.922 +06:00  INF]  Executed DbCommand (3ms) [Parameters=[@__normalizedUserName_0='?' (Size = 256)], CommandType='"Text"', CommandTimeout='30']
SELECT TOP(1) [a].[Id], [a].[AccessFailedCount], [a].[ConcurrencyStamp], [a].[Email], [a].[EmailConfirmed], [a].[LockoutEnabled], [a].[LockoutEnd], [a].[NormalizedEmail], [a].[NormalizedUserName], [a].[PasswordHash], [a].[PhoneNumber], [a].[PhoneNumberConfirmed], [a].[SecurityStamp], [a].[TwoFactorEnabled], [a].[UserName]
FROM [AspNetUsers] AS [a]
WHERE [a].[NormalizedUserName] = @__normalizedUserName_0
[2022-09-28 00:31:24.927 +06:00  INF]  Executed DbCommand (4ms) [Parameters=[@p0='?' (Size = 450), @p1='?' (Size = 450)], CommandType='"Text"', CommandTimeout='30']
SET NOCOUNT ON;
INSERT INTO [AspNetUserRoles] ([RoleId], [UserId])
VALUES (@p0, @p1);
[2022-09-28 00:31:24.937 +06:00  INF]  Executed DbCommand (10ms) [Parameters=[@p14='?' (Size = 450), @p0='?' (DbType = Int32), @p1='?' (Size = 4000), @p15='?' (Size = 4000), @p2='?' (Size = 256), @p3='?' (DbType = Boolean), @p4='?' (DbType = Boolean), @p5='?' (DbType = DateTimeOffset), @p6='?' (Size = 256), @p7='?' (Size = 256), @p8='?' (Size = 4000), @p9='?' (Size = 4000), @p10='?' (DbType = Boolean), @p11='?' (Size = 4000), @p12='?' (DbType = Boolean), @p13='?' (Size = 256)], CommandType='"Text"', CommandTimeout='30']
SET NOCOUNT ON;
UPDATE [AspNetUsers] SET [AccessFailedCount] = @p0, [ConcurrencyStamp] = @p1, [Email] = @p2, [EmailConfirmed] = @p3, [LockoutEnabled] = @p4, [LockoutEnd] = @p5, [NormalizedEmail] = @p6, [NormalizedUserName] = @p7, [PasswordHash] = @p8, [PhoneNumber] = @p9, [PhoneNumberConfirmed] = @p10, [SecurityStamp] = @p11, [TwoFactorEnabled] = @p12, [UserName] = @p13
WHERE [Id] = @p14 AND [ConcurrencyStamp] = @p15;
SELECT @@ROWCOUNT;
[2022-09-28 00:31:25.766 +06:00  INF]  Now listening on: https://localhost:7190
[2022-09-28 00:31:25.766 +06:00  INF]  Now listening on: http://localhost:5190
[2022-09-28 00:31:25.766 +06:00  INF]  Application started. Press Ctrl+C to shut down.
[2022-09-28 00:31:25.767 +06:00  INF]  Hosting environment: Development
[2022-09-28 00:31:25.767 +06:00  INF]  Content root path: D:\Authorization_System\Authorization_System\Authorization_System.API\
[2022-09-28 00:31:27.723 +06:00  INF]  Request starting HTTP/2 GET https://localhost:7190/swagger/index.html - -
[2022-09-28 00:31:28.486 +06:00  INF]  Request starting HTTP/2 GET https://localhost:7190/_framework/aspnetcore-browser-refresh.js - -
[2022-09-28 00:31:28.505 +06:00  INF]  Request finished HTTP/2 GET https://localhost:7190/_framework/aspnetcore-browser-refresh.js - - - 200 12018 application/javascript;+charset=utf-8 16.2947ms
[2022-09-28 00:31:29.316 +06:00  INF]  Request finished HTTP/2 GET https://localhost:7190/swagger/index.html - - - 200 - text/html;charset=utf-8 1603.1403ms
[2022-09-28 00:31:29.548 +06:00  INF]  Request starting HTTP/2 GET https://localhost:7190/swagger/v1/swagger.json - -
[2022-09-28 00:31:29.820 +06:00  INF]  Request finished HTTP/2 GET https://localhost:7190/swagger/v1/swagger.json - - - 200 - application/json;charset=utf-8 271.9032ms
[2022-09-28 00:32:07.938 +06:00  INF]  Request starting HTTP/2 POST https://localhost:7190/api/Authenticate/login application/json 50
[2022-09-28 00:32:07.956 +06:00  INF]  No CORS policy found for the specified request.
[2022-09-28 00:32:08.113 +06:00  INF]  Executing endpoint 'Authorization_System.API.Controllers.AuthenticateController.Login (Authorization_System.API)'
[2022-09-28 00:32:08.161 +06:00  INF]  Route matched with {action = "Login", controller = "Authenticate"}. Executing controller action with signature System.Threading.Tasks.Task`1[Microsoft.AspNetCore.Mvc.IActionResult] Login(Authorization_System.API.Models.LoginModel) on controller Authorization_System.API.Controllers.AuthenticateController (Authorization_System.API).
[2022-09-28 00:32:08.250 +06:00  INF]  Entity Framework Core 6.0.1 initialized 'ApplicationDbContext' using provider 'Microsoft.EntityFrameworkCore.SqlServer:6.0.1' with options: None
[2022-09-28 00:32:08.336 +06:00  INF]  Executed DbCommand (7ms) [Parameters=[@__normalizedUserName_0='?' (Size = 256)], CommandType='"Text"', CommandTimeout='30']
SELECT TOP(1) [a].[Id], [a].[AccessFailedCount], [a].[ConcurrencyStamp], [a].[Email], [a].[EmailConfirmed], [a].[LockoutEnabled], [a].[LockoutEnd], [a].[NormalizedEmail], [a].[NormalizedUserName], [a].[PasswordHash], [a].[PhoneNumber], [a].[PhoneNumberConfirmed], [a].[SecurityStamp], [a].[TwoFactorEnabled], [a].[UserName]
FROM [AspNetUsers] AS [a]
WHERE [a].[NormalizedUserName] = @__normalizedUserName_0
[2022-09-28 00:32:08.563 +06:00  INF]  Executed DbCommand (65ms) [Parameters=[@__userId_0='?' (Size = 450)], CommandType='"Text"', CommandTimeout='30']
SELECT [a0].[Name]
FROM [AspNetUserRoles] AS [a]
INNER JOIN [AspNetRoles] AS [a0] ON [a].[RoleId] = [a0].[Id]
WHERE [a].[UserId] = @__userId_0
[2022-09-28 00:32:08.875 +06:00  INF]  Executing OkObjectResult, writing value of type '<>f__AnonymousType0`2[[System.String, System.Private.CoreLib, Version=6.0.0.0, Culture=neutral, PublicKeyToken=7cec85d7bea7798e],[System.DateTime, System.Private.CoreLib, Version=6.0.0.0, Culture=neutral, PublicKeyToken=7cec85d7bea7798e]]'.
[2022-09-28 00:32:08.898 +06:00  INF]  Executed action Authorization_System.API.Controllers.AuthenticateController.Login (Authorization_System.API) in 728.9996ms
[2022-09-28 00:32:08.901 +06:00  INF]  Executed endpoint 'Authorization_System.API.Controllers.AuthenticateController.Login (Authorization_System.API)'
[2022-09-28 00:32:08.918 +06:00  INF]  Request finished HTTP/2 POST https://localhost:7190/api/Authenticate/login application/json 50 - 200 - application/json;+charset=utf-8 979.6860ms
[2022-09-28 00:33:28.873 +06:00  INF]  User profile is available. Using 'C:\Users\User\AppData\Local\ASP.NET\DataProtection-Keys' as key repository and Windows DPAPI to encrypt keys at rest.
[2022-09-28 00:33:30.608 +06:00  INF]  Entity Framework Core 6.0.1 initialized 'ApplicationDbContext' using provider 'Microsoft.EntityFrameworkCore.SqlServer:6.0.1' with options: None
[2022-09-28 00:33:32.616 +06:00  INF]  Executed DbCommand (190ms) [Parameters=[@__normalizedUserName_0='?' (Size = 256)], CommandType='"Text"', CommandTimeout='30']
SELECT TOP(1) [a].[Id], [a].[AccessFailedCount], [a].[ConcurrencyStamp], [a].[Email], [a].[EmailConfirmed], [a].[LockoutEnabled], [a].[LockoutEnd], [a].[NormalizedEmail], [a].[NormalizedUserName], [a].[PasswordHash], [a].[PhoneNumber], [a].[PhoneNumberConfirmed], [a].[SecurityStamp], [a].[TwoFactorEnabled], [a].[UserName]
FROM [AspNetUsers] AS [a]
WHERE [a].[NormalizedUserName] = @__normalizedUserName_0
[2022-09-28 00:33:33.535 +06:00  INF]  Now listening on: https://localhost:7190
[2022-09-28 00:33:33.535 +06:00  INF]  Now listening on: http://localhost:5190
[2022-09-28 00:33:33.536 +06:00  INF]  Application started. Press Ctrl+C to shut down.
[2022-09-28 00:33:33.536 +06:00  INF]  Hosting environment: Development
[2022-09-28 00:33:33.536 +06:00  INF]  Content root path: D:\Authorization_System\Authorization_System\Authorization_System.API\
[2022-09-28 00:33:35.173 +06:00  INF]  Request starting HTTP/2 GET https://localhost:7190/swagger/index.html - -
[2022-09-28 00:33:35.843 +06:00  INF]  Request starting HTTP/2 GET https://localhost:7190/_framework/aspnetcore-browser-refresh.js - -
[2022-09-28 00:33:35.856 +06:00  INF]  Request finished HTTP/2 GET https://localhost:7190/_framework/aspnetcore-browser-refresh.js - - - 200 12018 application/javascript;+charset=utf-8 11.6881ms
[2022-09-28 00:33:35.875 +06:00  INF]  Request finished HTTP/2 GET https://localhost:7190/swagger/index.html - - - 200 - text/html;charset=utf-8 709.4133ms
[2022-09-28 00:33:36.541 +06:00  INF]  Request starting HTTP/2 GET https://localhost:7190/swagger/v1/swagger.json - -
[2022-09-28 00:33:36.800 +06:00  INF]  Request finished HTTP/2 GET https://localhost:7190/swagger/v1/swagger.json - - - 200 - application/json;charset=utf-8 259.6179ms
[2022-09-28 00:33:55.104 +06:00  INF]  User profile is available. Using 'C:\Users\User\AppData\Local\ASP.NET\DataProtection-Keys' as key repository and Windows DPAPI to encrypt keys at rest.
[2022-09-28 00:34:10.173 +06:00  INF]  Entity Framework Core 6.0.1 initialized 'ApplicationDbContext' using provider 'Microsoft.EntityFrameworkCore.SqlServer:6.0.1' with options: None
[2022-09-28 00:34:15.554 +06:00  INF]  Executed DbCommand (151ms) [Parameters=[@__normalizedUserName_0='?' (Size = 256)], CommandType='"Text"', CommandTimeout='30']
SELECT TOP(1) [a].[Id], [a].[AccessFailedCount], [a].[ConcurrencyStamp], [a].[Email], [a].[EmailConfirmed], [a].[LockoutEnabled], [a].[LockoutEnd], [a].[NormalizedEmail], [a].[NormalizedUserName], [a].[PasswordHash], [a].[PhoneNumber], [a].[PhoneNumberConfirmed], [a].[SecurityStamp], [a].[TwoFactorEnabled], [a].[UserName]
FROM [AspNetUsers] AS [a]
WHERE [a].[NormalizedUserName] = @__normalizedUserName_0
[2022-09-28 00:35:35.601 +06:00  INF]  Now listening on: https://localhost:7190
[2022-09-28 00:35:35.601 +06:00  INF]  Now listening on: http://localhost:5190
[2022-09-28 00:35:35.602 +06:00  INF]  Application started. Press Ctrl+C to shut down.
[2022-09-28 00:35:35.602 +06:00  INF]  Hosting environment: Development
[2022-09-28 00:35:35.602 +06:00  INF]  Content root path: D:\Authorization_System\Authorization_System\Authorization_System.API\
[2022-09-28 00:35:37.983 +06:00  INF]  Request starting HTTP/2 GET https://localhost:7190/swagger/index.html - -
[2022-09-28 00:35:38.853 +06:00  INF]  Request starting HTTP/2 GET https://localhost:7190/_framework/aspnetcore-browser-refresh.js - -
[2022-09-28 00:35:38.867 +06:00  INF]  Request finished HTTP/2 GET https://localhost:7190/_framework/aspnetcore-browser-refresh.js - - - 200 12018 application/javascript;+charset=utf-8 11.0625ms
[2022-09-28 00:35:38.954 +06:00  INF]  Request finished HTTP/2 GET https://localhost:7190/swagger/index.html - - - 200 - text/html;charset=utf-8 980.5492ms
[2022-09-28 00:35:39.521 +06:00  INF]  Request starting HTTP/2 GET https://localhost:7190/swagger/v1/swagger.json - -
[2022-09-28 00:35:40.445 +06:00  INF]  Request finished HTTP/2 GET https://localhost:7190/swagger/v1/swagger.json - - - 200 - application/json;charset=utf-8 923.4233ms
[2022-09-28 00:54:29.419 +06:00  INF]  User profile is available. Using 'C:\Users\User\AppData\Local\ASP.NET\DataProtection-Keys' as key repository and Windows DPAPI to encrypt keys at rest.
[2022-09-28 00:54:44.417 +06:00  INF]  Entity Framework Core 6.0.1 initialized 'ApplicationDbContext' using provider 'Microsoft.EntityFrameworkCore.SqlServer:6.0.1' with options: None
[2022-09-28 00:54:46.539 +06:00  INF]  Executed DbCommand (253ms) [Parameters=[@__normalizedUserName_0='?' (Size = 256)], CommandType='"Text"', CommandTimeout='30']
SELECT TOP(1) [a].[Id], [a].[AccessFailedCount], [a].[ConcurrencyStamp], [a].[Email], [a].[EmailConfirmed], [a].[LockoutEnabled], [a].[LockoutEnd], [a].[NormalizedEmail], [a].[NormalizedUserName], [a].[PasswordHash], [a].[PhoneNumber], [a].[PhoneNumberConfirmed], [a].[SecurityStamp], [a].[TwoFactorEnabled], [a].[UserName]
FROM [AspNetUsers] AS [a]
WHERE [a].[NormalizedUserName] = @__normalizedUserName_0
[2022-09-28 00:54:47.521 +06:00  INF]  Now listening on: https://localhost:7190
[2022-09-28 00:54:47.522 +06:00  INF]  Now listening on: http://localhost:5190
[2022-09-28 00:54:47.522 +06:00  INF]  Application started. Press Ctrl+C to shut down.
[2022-09-28 00:54:47.522 +06:00  INF]  Hosting environment: Development
[2022-09-28 00:54:47.522 +06:00  INF]  Content root path: D:\Authorization_System\Authorization_System\Authorization_System.API\
[2022-09-28 00:54:49.676 +06:00  INF]  Request starting HTTP/2 GET https://localhost:7190/swagger/index.html - -
[2022-09-28 00:54:50.447 +06:00  INF]  Request starting HTTP/2 GET https://localhost:7190/_framework/aspnetcore-browser-refresh.js - -
[2022-09-28 00:54:50.463 +06:00  INF]  Request finished HTTP/2 GET https://localhost:7190/_framework/aspnetcore-browser-refresh.js - - - 200 12018 application/javascript;+charset=utf-8 13.2178ms
[2022-09-28 00:54:50.485 +06:00  INF]  Request finished HTTP/2 GET https://localhost:7190/swagger/index.html - - - 200 - text/html;charset=utf-8 817.4177ms
[2022-09-28 00:54:51.337 +06:00  INF]  Request starting HTTP/2 GET https://localhost:7190/swagger/v1/swagger.json - -
[2022-09-28 00:54:51.872 +06:00  INF]  Request finished HTTP/2 GET https://localhost:7190/swagger/v1/swagger.json - - - 200 - application/json;charset=utf-8 535.4619ms
[2022-09-28 00:55:27.713 +06:00  INF]  Request starting HTTP/2 POST https://localhost:7190/api/Authenticate/register application/json 81
[2022-09-28 00:55:27.739 +06:00  INF]  No CORS policy found for the specified request.
[2022-09-28 00:55:27.982 +06:00  INF]  Executing endpoint 'Authorization_System.API.Controllers.AuthenticateController.Register (Authorization_System.API)'
[2022-09-28 00:55:28.093 +06:00  INF]  Route matched with {action = "Register", controller = "Authenticate"}. Executing controller action with signature System.Threading.Tasks.Task`1[Microsoft.AspNetCore.Mvc.IActionResult] Register(Authorization_System.API.Models.RegisterModel) on controller Authorization_System.API.Controllers.AuthenticateController (Authorization_System.API).
[2022-09-28 00:55:28.239 +06:00  INF]  Entity Framework Core 6.0.1 initialized 'ApplicationDbContext' using provider 'Microsoft.EntityFrameworkCore.SqlServer:6.0.1' with options: None
[2022-09-28 00:55:40.153 +06:00  INF]  Executed DbCommand (23ms) [Parameters=[@__normalizedUserName_0='?' (Size = 256)], CommandType='"Text"', CommandTimeout='30']
SELECT TOP(1) [a].[Id], [a].[AccessFailedCount], [a].[ConcurrencyStamp], [a].[Email], [a].[EmailConfirmed], [a].[LockoutEnabled], [a].[LockoutEnd], [a].[NormalizedEmail], [a].[NormalizedUserName], [a].[PasswordHash], [a].[PhoneNumber], [a].[PhoneNumberConfirmed], [a].[SecurityStamp], [a].[TwoFactorEnabled], [a].[UserName]
FROM [AspNetUsers] AS [a]
WHERE [a].[NormalizedUserName] = @__normalizedUserName_0
[2022-09-28 00:55:40.218 +06:00  INF]  Executed DbCommand (1ms) [Parameters=[@__normalizedUserName_0='?' (Size = 256)], CommandType='"Text"', CommandTimeout='30']
SELECT TOP(1) [a].[Id], [a].[AccessFailedCount], [a].[ConcurrencyStamp], [a].[Email], [a].[EmailConfirmed], [a].[LockoutEnabled], [a].[LockoutEnd], [a].[NormalizedEmail], [a].[NormalizedUserName], [a].[PasswordHash], [a].[PhoneNumber], [a].[PhoneNumberConfirmed], [a].[SecurityStamp], [a].[TwoFactorEnabled], [a].[UserName]
FROM [AspNetUsers] AS [a]
WHERE [a].[NormalizedUserName] = @__normalizedUserName_0
[2022-09-28 00:55:40.671 +06:00  INF]  Executed DbCommand (113ms) [Parameters=[@p0='?' (Size = 450), @p1='?' (DbType = Int32), @p2='?' (Size = 4000), @p3='?' (Size = 256), @p4='?' (DbType = Boolean), @p5='?' (DbType = Boolean), @p6='?' (DbType = DateTimeOffset), @p7='?' (Size = 256), @p8='?' (Size = 256), @p9='?' (Size = 4000), @p10='?' (Size = 4000), @p11='?' (DbType = Boolean), @p12='?' (Size = 4000), @p13='?' (DbType = Boolean), @p14='?' (Size = 256)], CommandType='"Text"', CommandTimeout='30']
SET NOCOUNT ON;
INSERT INTO [AspNetUsers] ([Id], [AccessFailedCount], [ConcurrencyStamp], [Email], [EmailConfirmed], [LockoutEnabled], [LockoutEnd], [NormalizedEmail], [NormalizedUserName], [PasswordHash], [PhoneNumber], [PhoneNumberConfirmed], [SecurityStamp], [TwoFactorEnabled], [UserName])
VALUES (@p0, @p1, @p2, @p3, @p4, @p5, @p6, @p7, @p8, @p9, @p10, @p11, @p12, @p13, @p14);
[2022-09-28 00:55:40.780 +06:00  INF]  Executing OkObjectResult, writing value of type 'Authorization_System.API.Models.Response'.
[2022-09-28 00:55:40.802 +06:00  INF]  Executed action Authorization_System.API.Controllers.AuthenticateController.Register (Authorization_System.API) in 12698.4744ms
[2022-09-28 00:55:40.805 +06:00  INF]  Executed endpoint 'Authorization_System.API.Controllers.AuthenticateController.Register (Authorization_System.API)'
[2022-09-28 00:55:40.828 +06:00  INF]  Request finished HTTP/2 POST https://localhost:7190/api/Authenticate/register application/json 81 - 200 - application/json;+charset=utf-8 13115.3474ms
[2022-09-28 00:56:03.383 +06:00  INF]  Request starting HTTP/2 POST https://localhost:7190/api/Authenticate/login application/json 50
[2022-09-28 00:56:03.390 +06:00  INF]  No CORS policy found for the specified request.
[2022-09-28 00:56:03.391 +06:00  INF]  Executing endpoint 'Authorization_System.API.Controllers.AuthenticateController.Login (Authorization_System.API)'
[2022-09-28 00:56:03.398 +06:00  INF]  Route matched with {action = "Login", controller = "Authenticate"}. Executing controller action with signature System.Threading.Tasks.Task`1[Microsoft.AspNetCore.Mvc.IActionResult] Login(Authorization_System.API.Models.LoginModel) on controller Authorization_System.API.Controllers.AuthenticateController (Authorization_System.API).
[2022-09-28 00:56:03.418 +06:00  INF]  Entity Framework Core 6.0.1 initialized 'ApplicationDbContext' using provider 'Microsoft.EntityFrameworkCore.SqlServer:6.0.1' with options: None
[2022-09-28 00:56:03.432 +06:00  INF]  Executed DbCommand (4ms) [Parameters=[@__normalizedUserName_0='?' (Size = 256)], CommandType='"Text"', CommandTimeout='30']
SELECT TOP(1) [a].[Id], [a].[AccessFailedCount], [a].[ConcurrencyStamp], [a].[Email], [a].[EmailConfirmed], [a].[LockoutEnabled], [a].[LockoutEnd], [a].[NormalizedEmail], [a].[NormalizedUserName], [a].[PasswordHash], [a].[PhoneNumber], [a].[PhoneNumberConfirmed], [a].[SecurityStamp], [a].[TwoFactorEnabled], [a].[UserName]
FROM [AspNetUsers] AS [a]
WHERE [a].[NormalizedUserName] = @__normalizedUserName_0
[2022-09-28 00:56:03.677 +06:00  INF]  Executed DbCommand (11ms) [Parameters=[@__userId_0='?' (Size = 450)], CommandType='"Text"', CommandTimeout='30']
SELECT [a0].[Name]
FROM [AspNetUserRoles] AS [a]
INNER JOIN [AspNetRoles] AS [a0] ON [a].[RoleId] = [a0].[Id]
WHERE [a].[UserId] = @__userId_0
[2022-09-28 00:56:04.007 +06:00  INF]  Executing OkObjectResult, writing value of type '<>f__AnonymousType0`2[[System.String, System.Private.CoreLib, Version=6.0.0.0, Culture=neutral, PublicKeyToken=7cec85d7bea7798e],[System.DateTime, System.Private.CoreLib, Version=6.0.0.0, Culture=neutral, PublicKeyToken=7cec85d7bea7798e]]'.
[2022-09-28 00:56:04.027 +06:00  INF]  Executed action Authorization_System.API.Controllers.AuthenticateController.Login (Authorization_System.API) in 628.9783ms
[2022-09-28 00:56:04.027 +06:00  INF]  Executed endpoint 'Authorization_System.API.Controllers.AuthenticateController.Login (Authorization_System.API)'
[2022-09-28 00:56:04.028 +06:00  INF]  Request finished HTTP/2 POST https://localhost:7190/api/Authenticate/login application/json 50 - 200 - application/json;+charset=utf-8 644.7018ms
[2022-09-28 00:56:28.386 +06:00  INF]  Request starting HTTP/2 POST https://localhost:7190/api/Authenticate/login application/json 50
[2022-09-28 00:56:28.387 +06:00  INF]  No CORS policy found for the specified request.
[2022-09-28 00:56:28.389 +06:00  INF]  Executing endpoint 'Authorization_System.API.Controllers.AuthenticateController.Login (Authorization_System.API)'
[2022-09-28 00:56:28.389 +06:00  INF]  Route matched with {action = "Login", controller = "Authenticate"}. Executing controller action with signature System.Threading.Tasks.Task`1[Microsoft.AspNetCore.Mvc.IActionResult] Login(Authorization_System.API.Models.LoginModel) on controller Authorization_System.API.Controllers.AuthenticateController (Authorization_System.API).
[2022-09-28 00:56:28.396 +06:00  INF]  Entity Framework Core 6.0.1 initialized 'ApplicationDbContext' using provider 'Microsoft.EntityFrameworkCore.SqlServer:6.0.1' with options: None
[2022-09-28 00:56:28.402 +06:00  INF]  Executed DbCommand (5ms) [Parameters=[@__normalizedUserName_0='?' (Size = 256)], CommandType='"Text"', CommandTimeout='30']
SELECT TOP(1) [a].[Id], [a].[AccessFailedCount], [a].[ConcurrencyStamp], [a].[Email], [a].[EmailConfirmed], [a].[LockoutEnabled], [a].[LockoutEnd], [a].[NormalizedEmail], [a].[NormalizedUserName], [a].[PasswordHash], [a].[PhoneNumber], [a].[PhoneNumberConfirmed], [a].[SecurityStamp], [a].[TwoFactorEnabled], [a].[UserName]
FROM [AspNetUsers] AS [a]
WHERE [a].[NormalizedUserName] = @__normalizedUserName_0
[2022-09-28 00:56:28.419 +06:00  INF]  Executed DbCommand (4ms) [Parameters=[@__userId_0='?' (Size = 450)], CommandType='"Text"', CommandTimeout='30']
SELECT [a0].[Name]
FROM [AspNetUserRoles] AS [a]
INNER JOIN [AspNetRoles] AS [a0] ON [a].[RoleId] = [a0].[Id]
WHERE [a].[UserId] = @__userId_0
[2022-09-28 00:56:28.436 +06:00  INF]  Executing OkObjectResult, writing value of type '<>f__AnonymousType0`2[[System.String, System.Private.CoreLib, Version=6.0.0.0, Culture=neutral, PublicKeyToken=7cec85d7bea7798e],[System.DateTime, System.Private.CoreLib, Version=6.0.0.0, Culture=neutral, PublicKeyToken=7cec85d7bea7798e]]'.
[2022-09-28 00:56:28.437 +06:00  INF]  Executed action Authorization_System.API.Controllers.AuthenticateController.Login (Authorization_System.API) in 42.9982ms
[2022-09-28 00:56:28.437 +06:00  INF]  Executed endpoint 'Authorization_System.API.Controllers.AuthenticateController.Login (Authorization_System.API)'
[2022-09-28 00:56:28.437 +06:00  INF]  Request finished HTTP/2 POST https://localhost:7190/api/Authenticate/login application/json 50 - 200 - application/json;+charset=utf-8 51.0665ms
