[2022-10-01 00:16:57.007 +06:00  INF]  Request starting HTTP/2 OPTIONS https://localhost:7190/api/Authenticate/login - -
[2022-10-01 00:16:57.290 +06:00  INF]  CORS policy execution successful.
[2022-10-01 00:16:57.300 +06:00  INF]  Request finished HTTP/2 OPTIONS https://localhost:7190/api/Authenticate/login - - - 204 - - 301.2915ms
[2022-10-01 00:16:57.324 +06:00  INF]  Request starting HTTP/2 POST https://localhost:7190/api/Authenticate/login application/json 41
[2022-10-01 00:16:57.337 +06:00  INF]  CORS policy execution successful.
[2022-10-01 00:16:59.430 +06:00  INF]  Executing endpoint 'Authorization_System.API.Controllers.AuthenticateController.Login (Authorization_System.API)'
[2022-10-01 00:16:59.637 +06:00  INF]  Route matched with {action = "Login", controller = "Authenticate"}. Executing controller action with signature System.Threading.Tasks.Task`1[Microsoft.AspNetCore.Mvc.IActionResult] Login(Authorization_System.API.Models.LoginModel) on controller Authorization_System.API.Controllers.AuthenticateController (Authorization_System.API).
[2022-10-01 00:17:00.695 +06:00  INF]  Entity Framework Core 6.0.1 initialized 'ApplicationDbContext' using provider 'Microsoft.EntityFrameworkCore.SqlServer:6.0.1' with options: None
[2022-10-01 00:17:01.544 +06:00  INF]  Executed DbCommand (138ms) [Parameters=[@__normalizedUserName_0='?' (Size = 256)], CommandType='"Text"', CommandTimeout='30']
SELECT TOP(1) [a].[Id], [a].[AccessFailedCount], [a].[ConcurrencyStamp], [a].[Email], [a].[EmailConfirmed], [a].[LockoutEnabled], [a].[LockoutEnd], [a].[NormalizedEmail], [a].[NormalizedUserName], [a].[PasswordHash], [a].[PhoneNumber], [a].[PhoneNumberConfirmed], [a].[SecurityStamp], [a].[TwoFactorEnabled], [a].[UserName]
FROM [AspNetUsers] AS [a]
WHERE [a].[NormalizedUserName] = @__normalizedUserName_0
[2022-10-01 00:17:01.639 +06:00  INF]  Request starting HTTP/2 POST https://localhost:7190/api/Authenticate/login application/json 41
[2022-10-01 00:17:01.639 +06:00  INF]  CORS policy execution successful.
[2022-10-01 00:17:01.639 +06:00  INF]  Executing endpoint 'Authorization_System.API.Controllers.AuthenticateController.Login (Authorization_System.API)'
[2022-10-01 00:17:01.640 +06:00  INF]  Route matched with {action = "Login", controller = "Authenticate"}. Executing controller action with signature System.Threading.Tasks.Task`1[Microsoft.AspNetCore.Mvc.IActionResult] Login(Authorization_System.API.Models.LoginModel) on controller Authorization_System.API.Controllers.AuthenticateController (Authorization_System.API).
[2022-10-01 00:17:01.664 +06:00  INF]  Entity Framework Core 6.0.1 initialized 'ApplicationDbContext' using provider 'Microsoft.EntityFrameworkCore.SqlServer:6.0.1' with options: None
[2022-10-01 00:17:01.681 +06:00  INF]  Executed DbCommand (10ms) [Parameters=[@__normalizedUserName_0='?' (Size = 256)], CommandType='"Text"', CommandTimeout='30']
SELECT TOP(1) [a].[Id], [a].[AccessFailedCount], [a].[ConcurrencyStamp], [a].[Email], [a].[EmailConfirmed], [a].[LockoutEnabled], [a].[LockoutEnd], [a].[NormalizedEmail], [a].[NormalizedUserName], [a].[PasswordHash], [a].[PhoneNumber], [a].[PhoneNumberConfirmed], [a].[SecurityStamp], [a].[TwoFactorEnabled], [a].[UserName]
FROM [AspNetUsers] AS [a]
WHERE [a].[NormalizedUserName] = @__normalizedUserName_0
[2022-10-01 00:17:02.021 +06:00  INF]  Executed DbCommand (36ms) [Parameters=[@__userId_0='?' (Size = 450)], CommandType='"Text"', CommandTimeout='30']
SELECT [a0].[Name]
FROM [AspNetUserRoles] AS [a]
INNER JOIN [AspNetRoles] AS [a0] ON [a].[RoleId] = [a0].[Id]
WHERE [a].[UserId] = @__userId_0
[2022-10-01 00:17:02.066 +06:00  INF]  Executed DbCommand (22ms) [Parameters=[@__userId_0='?' (Size = 450)], CommandType='"Text"', CommandTimeout='30']
SELECT [a0].[Name]
FROM [AspNetUserRoles] AS [a]
INNER JOIN [AspNetRoles] AS [a0] ON [a].[RoleId] = [a0].[Id]
WHERE [a].[UserId] = @__userId_0
[2022-10-01 00:17:02.780 +06:00  INF]  Request starting HTTP/2 OPTIONS https://localhost:7190/api/Authenticate/login - -
[2022-10-01 00:17:02.781 +06:00  INF]  CORS policy execution successful.
[2022-10-01 00:17:02.782 +06:00  INF]  Request finished HTTP/2 OPTIONS https://localhost:7190/api/Authenticate/login - - - 204 - - 1.9192ms
[2022-10-01 00:17:02.783 +06:00  INF]  Request starting HTTP/2 OPTIONS https://localhost:7190/api/Authenticate/login - -
[2022-10-01 00:17:02.785 +06:00  INF]  CORS policy execution successful.
[2022-10-01 00:17:02.785 +06:00  INF]  Request finished HTTP/2 OPTIONS https://localhost:7190/api/Authenticate/login - - - 204 - - 2.1676ms
[2022-10-01 00:17:02.787 +06:00  INF]  Request starting HTTP/2 POST https://localhost:7190/api/Authenticate/login application/json 41
[2022-10-01 00:17:02.787 +06:00  INF]  CORS policy execution successful.
[2022-10-01 00:17:02.788 +06:00  INF]  Executing endpoint 'Authorization_System.API.Controllers.AuthenticateController.Login (Authorization_System.API)'
[2022-10-01 00:17:02.788 +06:00  INF]  Route matched with {action = "Login", controller = "Authenticate"}. Executing controller action with signature System.Threading.Tasks.Task`1[Microsoft.AspNetCore.Mvc.IActionResult] Login(Authorization_System.API.Models.LoginModel) on controller Authorization_System.API.Controllers.AuthenticateController (Authorization_System.API).
[2022-10-01 00:17:02.789 +06:00  INF]  Entity Framework Core 6.0.1 initialized 'ApplicationDbContext' using provider 'Microsoft.EntityFrameworkCore.SqlServer:6.0.1' with options: None
[2022-10-01 00:17:02.791 +06:00  INF]  Request starting HTTP/2 POST https://localhost:7190/api/Authenticate/login application/json 41
[2022-10-01 00:17:02.791 +06:00  INF]  CORS policy execution successful.
[2022-10-01 00:17:02.791 +06:00  INF]  Executing endpoint 'Authorization_System.API.Controllers.AuthenticateController.Login (Authorization_System.API)'
[2022-10-01 00:17:02.791 +06:00  INF]  Route matched with {action = "Login", controller = "Authenticate"}. Executing controller action with signature System.Threading.Tasks.Task`1[Microsoft.AspNetCore.Mvc.IActionResult] Login(Authorization_System.API.Models.LoginModel) on controller Authorization_System.API.Controllers.AuthenticateController (Authorization_System.API).
[2022-10-01 00:17:02.794 +06:00  INF]  Entity Framework Core 6.0.1 initialized 'ApplicationDbContext' using provider 'Microsoft.EntityFrameworkCore.SqlServer:6.0.1' with options: None
[2022-10-01 00:17:02.797 +06:00  INF]  Executed DbCommand (6ms) [Parameters=[@__normalizedUserName_0='?' (Size = 256)], CommandType='"Text"', CommandTimeout='30']
SELECT TOP(1) [a].[Id], [a].[AccessFailedCount], [a].[ConcurrencyStamp], [a].[Email], [a].[EmailConfirmed], [a].[LockoutEnabled], [a].[LockoutEnd], [a].[NormalizedEmail], [a].[NormalizedUserName], [a].[PasswordHash], [a].[PhoneNumber], [a].[PhoneNumberConfirmed], [a].[SecurityStamp], [a].[TwoFactorEnabled], [a].[UserName]
FROM [AspNetUsers] AS [a]
WHERE [a].[NormalizedUserName] = @__normalizedUserName_0
[2022-10-01 00:17:02.798 +06:00  INF]  Executed DbCommand (3ms) [Parameters=[@__normalizedUserName_0='?' (Size = 256)], CommandType='"Text"', CommandTimeout='30']
SELECT TOP(1) [a].[Id], [a].[AccessFailedCount], [a].[ConcurrencyStamp], [a].[Email], [a].[EmailConfirmed], [a].[LockoutEnabled], [a].[LockoutEnd], [a].[NormalizedEmail], [a].[NormalizedUserName], [a].[PasswordHash], [a].[PhoneNumber], [a].[PhoneNumberConfirmed], [a].[SecurityStamp], [a].[TwoFactorEnabled], [a].[UserName]
FROM [AspNetUsers] AS [a]
WHERE [a].[NormalizedUserName] = @__normalizedUserName_0
[2022-10-01 00:17:02.817 +06:00  INF]  Executed DbCommand (6ms) [Parameters=[@__userId_0='?' (Size = 450)], CommandType='"Text"', CommandTimeout='30']
SELECT [a0].[Name]
FROM [AspNetUserRoles] AS [a]
INNER JOIN [AspNetRoles] AS [a0] ON [a].[RoleId] = [a0].[Id]
WHERE [a].[UserId] = @__userId_0
[2022-10-01 00:17:02.817 +06:00  INF]  Executed DbCommand (1ms) [Parameters=[@__userId_0='?' (Size = 450)], CommandType='"Text"', CommandTimeout='30']
SELECT [a0].[Name]
FROM [AspNetUserRoles] AS [a]
INNER JOIN [AspNetRoles] AS [a0] ON [a].[RoleId] = [a0].[Id]
WHERE [a].[UserId] = @__userId_0
[2022-10-01 00:17:02.980 +06:00  INF]  Executing OkObjectResult, writing value of type '<>f__AnonymousType0`2[[System.String, System.Private.CoreLib, Version=6.0.0.0, Culture=neutral, PublicKeyToken=7cec85d7bea7798e],[System.DateTime, System.Private.CoreLib, Version=6.0.0.0, Culture=neutral, PublicKeyToken=7cec85d7bea7798e]]'.
[2022-10-01 00:17:02.980 +06:00  INF]  Executing OkObjectResult, writing value of type '<>f__AnonymousType0`2[[System.String, System.Private.CoreLib, Version=6.0.0.0, Culture=neutral, PublicKeyToken=7cec85d7bea7798e],[System.DateTime, System.Private.CoreLib, Version=6.0.0.0, Culture=neutral, PublicKeyToken=7cec85d7bea7798e]]'.
[2022-10-01 00:17:02.980 +06:00  INF]  Executing OkObjectResult, writing value of type '<>f__AnonymousType0`2[[System.String, System.Private.CoreLib, Version=6.0.0.0, Culture=neutral, PublicKeyToken=7cec85d7bea7798e],[System.DateTime, System.Private.CoreLib, Version=6.0.0.0, Culture=neutral, PublicKeyToken=7cec85d7bea7798e]]'.
[2022-10-01 00:17:02.980 +06:00  INF]  Executing OkObjectResult, writing value of type '<>f__AnonymousType0`2[[System.String, System.Private.CoreLib, Version=6.0.0.0, Culture=neutral, PublicKeyToken=7cec85d7bea7798e],[System.DateTime, System.Private.CoreLib, Version=6.0.0.0, Culture=neutral, PublicKeyToken=7cec85d7bea7798e]]'.
[2022-10-01 00:17:03.025 +06:00  INF]  Executed action Authorization_System.API.Controllers.AuthenticateController.Login (Authorization_System.API) in 224.3646ms
[2022-10-01 00:17:03.025 +06:00  INF]  Executed action Authorization_System.API.Controllers.AuthenticateController.Login (Authorization_System.API) in 221.3169ms
[2022-10-01 00:17:03.025 +06:00  INF]  Executed action Authorization_System.API.Controllers.AuthenticateController.Login (Authorization_System.API) in 1372.7751ms
[2022-10-01 00:17:03.025 +06:00  INF]  Executed action Authorization_System.API.Controllers.AuthenticateController.Login (Authorization_System.API) in 3373.891ms
[2022-10-01 00:17:03.030 +06:00  INF]  Executed endpoint 'Authorization_System.API.Controllers.AuthenticateController.Login (Authorization_System.API)'
[2022-10-01 00:17:03.030 +06:00  INF]  Executed endpoint 'Authorization_System.API.Controllers.AuthenticateController.Login (Authorization_System.API)'
[2022-10-01 00:17:03.030 +06:00  INF]  Executed endpoint 'Authorization_System.API.Controllers.AuthenticateController.Login (Authorization_System.API)'
[2022-10-01 00:17:03.030 +06:00  INF]  Executed endpoint 'Authorization_System.API.Controllers.AuthenticateController.Login (Authorization_System.API)'
[2022-10-01 00:17:03.077 +06:00  INF]  Request finished HTTP/2 POST https://localhost:7190/api/Authenticate/login application/json 41 - 200 - application/json;+charset=utf-8 1438.6320ms
[2022-10-01 00:17:03.078 +06:00  INF]  Request finished HTTP/2 POST https://localhost:7190/api/Authenticate/login application/json 41 - 200 - application/json;+charset=utf-8 5753.1342ms
[2022-10-01 00:17:03.078 +06:00  INF]  Request finished HTTP/2 POST https://localhost:7190/api/Authenticate/login application/json 41 - 200 - application/json;+charset=utf-8 291.2296ms
[2022-10-01 00:17:03.079 +06:00  INF]  Request finished HTTP/2 POST https://localhost:7190/api/Authenticate/login application/json 41 - 200 - application/json;+charset=utf-8 288.4562ms
[2022-10-01 00:54:30.919 +06:00  INF]  Request starting HTTP/2 GET https://localhost:7190/_framework/aspnetcore-browser-refresh.js - -
[2022-10-01 00:54:30.963 +06:00  INF]  Request finished HTTP/2 GET https://localhost:7190/_framework/aspnetcore-browser-refresh.js - - - 200 12018 application/javascript;+charset=utf-8 54.7979ms
[2022-10-01 00:54:31.245 +06:00  INF]  Request starting HTTP/2 GET https://localhost:7190/swagger/v1/swagger.json - -
[2022-10-01 00:54:31.429 +06:00  INF]  Request finished HTTP/2 GET https://localhost:7190/swagger/v1/swagger.json - - - 200 - application/json;charset=utf-8 184.0340ms
[2022-10-01 01:25:26.009 +06:00  INF]  Request starting HTTP/2 GET https://localhost:7190/_framework/aspnetcore-browser-refresh.js - -
[2022-10-01 01:25:26.023 +06:00  INF]  Request finished HTTP/2 GET https://localhost:7190/_framework/aspnetcore-browser-refresh.js - - - 200 12018 application/javascript;+charset=utf-8 19.2588ms
[2022-10-01 01:25:26.517 +06:00  INF]  Request starting HTTP/2 GET https://localhost:7190/swagger/v1/swagger.json - -
[2022-10-01 01:25:26.695 +06:00  INF]  Request finished HTTP/2 GET https://localhost:7190/swagger/v1/swagger.json - - - 200 - application/json;charset=utf-8 201.8837ms
[2022-10-01 01:51:22.665 +06:00  INF]  Request starting HTTP/2 GET https://localhost:7190/_framework/aspnetcore-browser-refresh.js - -
[2022-10-01 01:51:22.707 +06:00  INF]  Request finished HTTP/2 GET https://localhost:7190/_framework/aspnetcore-browser-refresh.js - - - 200 12018 application/javascript;+charset=utf-8 52.1959ms
[2022-10-01 01:51:23.071 +06:00  INF]  Request starting HTTP/2 GET https://localhost:7190/swagger/v1/swagger.json - -
[2022-10-01 01:51:23.559 +06:00  INF]  Request finished HTTP/2 GET https://localhost:7190/swagger/v1/swagger.json - - - 200 - application/json;charset=utf-8 488.5085ms
[2022-10-01 02:13:16.688 +06:00  INF]  Request starting HTTP/2 OPTIONS https://localhost:7190/api/Authenticate/login - -
[2022-10-01 02:13:16.741 +06:00  INF]  CORS policy execution successful.
[2022-10-01 02:13:16.756 +06:00  INF]  Request finished HTTP/2 OPTIONS https://localhost:7190/api/Authenticate/login - - - 204 - - 74.7440ms
[2022-10-01 02:13:16.764 +06:00  INF]  Request starting HTTP/2 POST https://localhost:7190/api/Authenticate/login application/json 41
[2022-10-01 02:13:16.771 +06:00  INF]  CORS policy execution successful.
[2022-10-01 02:13:16.801 +06:00  INF]  Executing endpoint 'Authorization_System.API.Controllers.AuthenticateController.Login (Authorization_System.API)'
[2022-10-01 02:13:16.822 +06:00  INF]  Route matched with {action = "Login", controller = "Authenticate"}. Executing controller action with signature System.Threading.Tasks.Task`1[Microsoft.AspNetCore.Mvc.IActionResult] Login(Authorization_System.API.Models.LoginModel) on controller Authorization_System.API.Controllers.AuthenticateController (Authorization_System.API).
[2022-10-01 02:13:17.007 +06:00  INF]  Entity Framework Core 6.0.1 initialized 'ApplicationDbContext' using provider 'Microsoft.EntityFrameworkCore.SqlServer:6.0.1' with options: None
[2022-10-01 02:13:17.399 +06:00  INF]  Executed DbCommand (159ms) [Parameters=[@__normalizedUserName_0='?' (Size = 256)], CommandType='"Text"', CommandTimeout='30']
SELECT TOP(1) [a].[Id], [a].[AccessFailedCount], [a].[ConcurrencyStamp], [a].[Email], [a].[EmailConfirmed], [a].[LockoutEnabled], [a].[LockoutEnd], [a].[NormalizedEmail], [a].[NormalizedUserName], [a].[PasswordHash], [a].[PhoneNumber], [a].[PhoneNumberConfirmed], [a].[SecurityStamp], [a].[TwoFactorEnabled], [a].[UserName]
FROM [AspNetUsers] AS [a]
WHERE [a].[NormalizedUserName] = @__normalizedUserName_0
[2022-10-01 02:13:17.487 +06:00  INF]  Executed DbCommand (37ms) [Parameters=[@__userId_0='?' (Size = 450)], CommandType='"Text"', CommandTimeout='30']
SELECT [a0].[Name]
FROM [AspNetUserRoles] AS [a]
INNER JOIN [AspNetRoles] AS [a0] ON [a].[RoleId] = [a0].[Id]
WHERE [a].[UserId] = @__userId_0
[2022-10-01 02:13:17.683 +06:00  INF]  Executing OkObjectResult, writing value of type '<>f__AnonymousType0`2[[System.String, System.Private.CoreLib, Version=6.0.0.0, Culture=neutral, PublicKeyToken=7cec85d7bea7798e],[System.DateTime, System.Private.CoreLib, Version=6.0.0.0, Culture=neutral, PublicKeyToken=7cec85d7bea7798e]]'.
[2022-10-01 02:13:17.698 +06:00  INF]  Executed action Authorization_System.API.Controllers.AuthenticateController.Login (Authorization_System.API) in 872.7383ms
[2022-10-01 02:13:17.699 +06:00  INF]  Executed endpoint 'Authorization_System.API.Controllers.AuthenticateController.Login (Authorization_System.API)'
[2022-10-01 02:13:17.703 +06:00  INF]  Request finished HTTP/2 POST https://localhost:7190/api/Authenticate/login application/json 41 - 200 - application/json;+charset=utf-8 940.6817ms
[2022-10-01 02:14:04.071 +06:00  INF]  Request starting HTTP/2 GET https://localhost:7190/_framework/aspnetcore-browser-refresh.js - -
[2022-10-01 02:14:04.074 +06:00  INF]  Request finished HTTP/2 GET https://localhost:7190/_framework/aspnetcore-browser-refresh.js - - - 200 12018 application/javascript;+charset=utf-8 2.9885ms
[2022-10-01 02:14:04.699 +06:00  INF]  Request starting HTTP/2 GET https://localhost:7190/swagger/v1/swagger.json - -
[2022-10-01 02:14:04.773 +06:00  INF]  Request finished HTTP/2 GET https://localhost:7190/swagger/v1/swagger.json - - - 200 - application/json;charset=utf-8 74.8454ms
[2022-10-01 02:18:42.585 +06:00  INF]  Request starting HTTP/2 GET https://localhost:7190/api/Authenticate/GetAllUsers - -
[2022-10-01 02:18:42.690 +06:00  INF]  CORS policy execution successful.
[2022-10-01 02:18:42.775 +06:00  INF]  Request finished HTTP/2 GET https://localhost:7190/api/Authenticate/GetAllUsers - - - 404 0 - 195.2528ms
[2022-10-01 02:18:49.066 +06:00  INF]  Request starting HTTP/2 GET https://localhost:7190/api/Authenticate/GetAllUsers - -
[2022-10-01 02:18:49.067 +06:00  INF]  CORS policy execution successful.
[2022-10-01 02:18:49.069 +06:00  INF]  Request finished HTTP/2 GET https://localhost:7190/api/Authenticate/GetAllUsers - - - 404 0 - 2.6141ms
[2022-10-01 02:23:36.254 +06:00  INF]  Request starting HTTP/2 OPTIONS https://localhost:7190/api/Authenticate/GetAllUsers - -
[2022-10-01 02:23:36.391 +06:00  INF]  CORS policy execution successful.
[2022-10-01 02:23:36.420 +06:00  INF]  Request finished HTTP/2 OPTIONS https://localhost:7190/api/Authenticate/GetAllUsers - - - 204 - - 183.9119ms
[2022-10-01 02:23:36.422 +06:00  INF]  Request starting HTTP/2 GET https://localhost:7190/api/Authenticate/GetAllUsers - -
[2022-10-01 02:23:36.443 +06:00  INF]  CORS policy execution successful.
[2022-10-01 02:23:36.850 +06:00  INF]  Bearer was not authenticated. Failure message: No SecurityTokenValidator available for token.
[2022-10-01 02:23:36.855 +06:00  INF]  Request finished HTTP/2 GET https://localhost:7190/api/Authenticate/GetAllUsers - - - 404 0 - 432.5638ms
[2022-10-01 02:24:01.674 +06:00  INF]  Request starting HTTP/2 OPTIONS https://localhost:7190/api/Authenticate/GetAllUsers - -
[2022-10-01 02:24:01.681 +06:00  INF]  CORS policy execution successful.
[2022-10-01 02:24:01.685 +06:00  INF]  Request finished HTTP/2 OPTIONS https://localhost:7190/api/Authenticate/GetAllUsers - - - 204 - - 9.1969ms
[2022-10-01 02:24:01.724 +06:00  INF]  Request starting HTTP/2 GET https://localhost:7190/api/Authenticate/GetAllUsers - -
[2022-10-01 02:24:01.727 +06:00  INF]  CORS policy execution successful.
[2022-10-01 02:24:01.729 +06:00  INF]  Bearer was not authenticated. Failure message: No SecurityTokenValidator available for token.
[2022-10-01 02:24:01.729 +06:00  INF]  Request finished HTTP/2 GET https://localhost:7190/api/Authenticate/GetAllUsers - - - 404 0 - 4.5386ms
[2022-10-01 02:24:20.670 +06:00  INF]  Request starting HTTP/2 OPTIONS https://localhost:7190/api/Authenticate/GetAllUsers - -
[2022-10-01 02:24:20.671 +06:00  INF]  CORS policy execution successful.
[2022-10-01 02:24:20.672 +06:00  INF]  Request finished HTTP/2 OPTIONS https://localhost:7190/api/Authenticate/GetAllUsers - - - 204 - - 1.7154ms
[2022-10-01 02:24:20.679 +06:00  INF]  Request starting HTTP/2 GET https://localhost:7190/api/Authenticate/GetAllUsers - -
[2022-10-01 02:24:20.680 +06:00  INF]  CORS policy execution successful.
[2022-10-01 02:24:20.681 +06:00  INF]  Bearer was not authenticated. Failure message: No SecurityTokenValidator available for token.
[2022-10-01 02:24:20.681 +06:00  INF]  Request finished HTTP/2 GET https://localhost:7190/api/Authenticate/GetAllUsers - - - 404 0 - 2.2815ms
[2022-10-01 02:33:44.483 +06:00  INF]  Request starting HTTP/2 OPTIONS https://localhost:7190/api/Authenticate/GetAllUsers - -
[2022-10-01 02:33:44.531 +06:00  INF]  CORS policy execution successful.
[2022-10-01 02:33:44.544 +06:00  INF]  Request finished HTTP/2 OPTIONS https://localhost:7190/api/Authenticate/GetAllUsers - - - 204 - - 62.2774ms
[2022-10-01 02:33:44.547 +06:00  INF]  Request starting HTTP/2 GET https://localhost:7190/api/Authenticate/GetAllUsers - -
[2022-10-01 02:33:44.562 +06:00  INF]  CORS policy execution successful.
[2022-10-01 02:33:44.578 +06:00  INF]  Bearer was not authenticated. Failure message: No SecurityTokenValidator available for token.
[2022-10-01 02:33:44.580 +06:00  INF]  Request finished HTTP/2 GET https://localhost:7190/api/Authenticate/GetAllUsers - - - 404 0 - 31.2938ms
[2022-10-01 02:33:54.698 +06:00  INF]  Request starting HTTP/2 OPTIONS https://localhost:7190/api/Authenticate/GetAllUsers - -
[2022-10-01 02:33:54.725 +06:00  INF]  CORS policy execution successful.
[2022-10-01 02:33:54.726 +06:00  INF]  Request finished HTTP/2 OPTIONS https://localhost:7190/api/Authenticate/GetAllUsers - - - 204 - - 28.2361ms
[2022-10-01 02:33:54.750 +06:00  INF]  Request starting HTTP/2 GET https://localhost:7190/api/Authenticate/GetAllUsers - -
[2022-10-01 02:33:54.751 +06:00  INF]  CORS policy execution successful.
[2022-10-01 02:33:54.751 +06:00  INF]  Bearer was not authenticated. Failure message: No SecurityTokenValidator available for token.
[2022-10-01 02:33:54.751 +06:00  INF]  Request finished HTTP/2 GET https://localhost:7190/api/Authenticate/GetAllUsers - - - 404 0 - 1.2283ms
[2022-10-01 02:35:53.379 +06:00  INF]  Request starting HTTP/2 OPTIONS https://localhost:7190/api/Authenticate/GetAllUsers - -
[2022-10-01 02:35:53.414 +06:00  INF]  CORS policy execution successful.
[2022-10-01 02:35:53.423 +06:00  INF]  Request finished HTTP/2 OPTIONS https://localhost:7190/api/Authenticate/GetAllUsers - - - 204 - - 49.0496ms
[2022-10-01 02:35:53.435 +06:00  INF]  Request starting HTTP/2 GET https://localhost:7190/api/Authenticate/GetAllUsers - -
[2022-10-01 02:35:53.439 +06:00  INF]  CORS policy execution successful.
[2022-10-01 02:35:53.460 +06:00  INF]  Bearer was not authenticated. Failure message: No SecurityTokenValidator available for token.
[2022-10-01 02:35:53.470 +06:00  INF]  Request finished HTTP/2 GET https://localhost:7190/api/Authenticate/GetAllUsers - - - 404 0 - 34.5127ms
[2022-10-01 02:36:12.255 +06:00  INF]  Request starting HTTP/2 OPTIONS https://localhost:7190/api/Authenticate/GetAllUsers - -
[2022-10-01 02:36:12.256 +06:00  INF]  CORS policy execution successful.
[2022-10-01 02:36:12.256 +06:00  INF]  Request finished HTTP/2 OPTIONS https://localhost:7190/api/Authenticate/GetAllUsers - - - 204 - - 1.3299ms
[2022-10-01 02:36:12.272 +06:00  INF]  Request starting HTTP/2 GET https://localhost:7190/api/Authenticate/GetAllUsers - -
[2022-10-01 02:36:12.273 +06:00  INF]  CORS policy execution successful.
[2022-10-01 02:36:12.274 +06:00  INF]  Bearer was not authenticated. Failure message: No SecurityTokenValidator available for token.
[2022-10-01 02:36:12.275 +06:00  INF]  Request finished HTTP/2 GET https://localhost:7190/api/Authenticate/GetAllUsers - - - 404 0 - 2.5332ms
[2022-10-01 02:37:15.250 +06:00  INF]  Request starting HTTP/2 OPTIONS https://localhost:7190/api/Authenticate/GetAllUsers - -
[2022-10-01 02:37:15.264 +06:00  INF]  CORS policy execution successful.
[2022-10-01 02:37:15.265 +06:00  INF]  Request finished HTTP/2 OPTIONS https://localhost:7190/api/Authenticate/GetAllUsers - - - 204 - - 14.3816ms
[2022-10-01 02:37:15.304 +06:00  INF]  Request starting HTTP/2 GET https://localhost:7190/api/Authenticate/GetAllUsers - -
[2022-10-01 02:37:15.305 +06:00  INF]  CORS policy execution successful.
[2022-10-01 02:37:15.305 +06:00  INF]  Bearer was not authenticated. Failure message: No SecurityTokenValidator available for token.
[2022-10-01 02:37:15.305 +06:00  INF]  Request finished HTTP/2 GET https://localhost:7190/api/Authenticate/GetAllUsers - - - 404 0 - 1.9660ms
[2022-10-01 02:39:13.373 +06:00  INF]  Request starting HTTP/2 OPTIONS https://localhost:7190/api/Authenticate/login - -
[2022-10-01 02:39:13.374 +06:00  INF]  CORS policy execution successful.
[2022-10-01 02:39:13.375 +06:00  INF]  Request finished HTTP/2 OPTIONS https://localhost:7190/api/Authenticate/login - - - 204 - - 2.0460ms
[2022-10-01 02:39:13.380 +06:00  INF]  Request starting HTTP/2 POST https://localhost:7190/api/Authenticate/login application/json 41
[2022-10-01 02:39:13.381 +06:00  INF]  CORS policy execution successful.
[2022-10-01 02:39:13.437 +06:00  INF]  Executing endpoint 'Authorization_System.API.Controllers.AuthenticateController.Login (Authorization_System.API)'
[2022-10-01 02:39:13.455 +06:00  INF]  Route matched with {action = "Login", controller = "Authenticate"}. Executing controller action with signature System.Threading.Tasks.Task`1[Microsoft.AspNetCore.Mvc.IActionResult] Login(Authorization_System.API.Models.LoginModel) on controller Authorization_System.API.Controllers.AuthenticateController (Authorization_System.API).
[2022-10-01 02:39:13.535 +06:00  INF]  Entity Framework Core 6.0.1 initialized 'ApplicationDbContext' using provider 'Microsoft.EntityFrameworkCore.SqlServer:6.0.1' with options: None
[2022-10-01 02:39:13.748 +06:00  INF]  Executed DbCommand (81ms) [Parameters=[@__normalizedUserName_0='?' (Size = 256)], CommandType='"Text"', CommandTimeout='30']
SELECT TOP(1) [a].[Id], [a].[AccessFailedCount], [a].[ConcurrencyStamp], [a].[Email], [a].[EmailConfirmed], [a].[LockoutEnabled], [a].[LockoutEnd], [a].[NormalizedEmail], [a].[NormalizedUserName], [a].[PasswordHash], [a].[PhoneNumber], [a].[PhoneNumberConfirmed], [a].[SecurityStamp], [a].[TwoFactorEnabled], [a].[UserName]
FROM [AspNetUsers] AS [a]
WHERE [a].[NormalizedUserName] = @__normalizedUserName_0
[2022-10-01 02:39:13.786 +06:00  INF]  Executed DbCommand (7ms) [Parameters=[@__userId_0='?' (Size = 450)], CommandType='"Text"', CommandTimeout='30']
SELECT [a0].[Name]
FROM [AspNetUserRoles] AS [a]
INNER JOIN [AspNetRoles] AS [a0] ON [a].[RoleId] = [a0].[Id]
WHERE [a].[UserId] = @__userId_0
[2022-10-01 02:39:13.795 +06:00  INF]  Executing OkObjectResult, writing value of type '<>f__AnonymousType0`2[[System.String, System.Private.CoreLib, Version=6.0.0.0, Culture=neutral, PublicKeyToken=7cec85d7bea7798e],[System.DateTime, System.Private.CoreLib, Version=6.0.0.0, Culture=neutral, PublicKeyToken=7cec85d7bea7798e]]'.
[2022-10-01 02:39:13.801 +06:00  INF]  Executed action Authorization_System.API.Controllers.AuthenticateController.Login (Authorization_System.API) in 345.1659ms
[2022-10-01 02:39:13.801 +06:00  INF]  Executed endpoint 'Authorization_System.API.Controllers.AuthenticateController.Login (Authorization_System.API)'
[2022-10-01 02:39:13.801 +06:00  INF]  Request finished HTTP/2 POST https://localhost:7190/api/Authenticate/login application/json 41 - 200 - application/json;+charset=utf-8 421.5889ms
[2022-10-01 02:39:19.957 +06:00  INF]  Request starting HTTP/2 OPTIONS https://localhost:7190/api/Authenticate/GetAllUsers - -
[2022-10-01 02:39:19.957 +06:00  INF]  CORS policy execution successful.
[2022-10-01 02:39:19.958 +06:00  INF]  Request finished HTTP/2 OPTIONS https://localhost:7190/api/Authenticate/GetAllUsers - - - 204 - - 0.8046ms
[2022-10-01 02:39:19.963 +06:00  INF]  Request starting HTTP/2 GET https://localhost:7190/api/Authenticate/GetAllUsers - -
[2022-10-01 02:39:19.963 +06:00  INF]  CORS policy execution successful.
[2022-10-01 02:39:19.963 +06:00  INF]  Bearer was not authenticated. Failure message: No SecurityTokenValidator available for token.
[2022-10-01 02:39:19.963 +06:00  INF]  Request finished HTTP/2 GET https://localhost:7190/api/Authenticate/GetAllUsers - - - 404 0 - 0.7972ms
[2022-10-01 02:40:01.441 +06:00  INF]  Request starting HTTP/1.1 GET https://localhost:7190/api/UserOperation/GetAllUsers - -
[2022-10-01 02:40:01.938 +06:00  INF]  Executing endpoint 'Authorization_System.API.Controllers.UserOperationController.GetAllUsers (Authorization_System.API)'
[2022-10-01 02:40:01.973 +06:00  INF]  Route matched with {action = "GetAllUsers", controller = "UserOperation"}. Executing controller action with signature System.Collections.Generic.IEnumerable`1[Microsoft.AspNetCore.Identity.IdentityUser] GetAllUsers() on controller Authorization_System.API.Controllers.UserOperationController (Authorization_System.API).
[2022-10-01 02:40:01.975 +06:00  INF]  Entity Framework Core 6.0.1 initialized 'ApplicationDbContext' using provider 'Microsoft.EntityFrameworkCore.SqlServer:6.0.1' with options: None
[2022-10-01 02:40:24.270 +06:00  INF]  Executed DbCommand (29ms) [Parameters=[], CommandType='"Text"', CommandTimeout='30']
SELECT [a].[Id], [a].[AccessFailedCount], [a].[ConcurrencyStamp], [a].[Email], [a].[EmailConfirmed], [a].[LockoutEnabled], [a].[LockoutEnd], [a].[NormalizedEmail], [a].[NormalizedUserName], [a].[PasswordHash], [a].[PhoneNumber], [a].[PhoneNumberConfirmed], [a].[SecurityStamp], [a].[TwoFactorEnabled], [a].[UserName]
FROM [AspNetUsers] AS [a]
[2022-10-01 02:40:24.289 +06:00  INF]  Executing ObjectResult, writing value of type 'System.Collections.Generic.List`1[[Microsoft.AspNetCore.Identity.IdentityUser, Microsoft.Extensions.Identity.Stores, Version=6.0.0.0, Culture=neutral, PublicKeyToken=adb9793829ddae60]]'.
[2022-10-01 02:40:24.372 +06:00  INF]  Executed action Authorization_System.API.Controllers.UserOperationController.GetAllUsers (Authorization_System.API) in 22397.9349ms
[2022-10-01 02:40:24.372 +06:00  INF]  Executed endpoint 'Authorization_System.API.Controllers.UserOperationController.GetAllUsers (Authorization_System.API)'
[2022-10-01 02:40:24.373 +06:00  INF]  Request finished HTTP/1.1 GET https://localhost:7190/api/UserOperation/GetAllUsers - - - 200 - application/json;+charset=utf-8 22933.0937ms
[2022-10-01 02:41:29.144 +06:00  INF]  Request starting HTTP/2 OPTIONS https://localhost:7190/api/Authenticate/GetAllUsers - -
[2022-10-01 02:41:29.194 +06:00  INF]  CORS policy execution successful.
[2022-10-01 02:41:29.211 +06:00  INF]  Request finished HTTP/2 OPTIONS https://localhost:7190/api/Authenticate/GetAllUsers - - - 204 - - 82.8363ms
[2022-10-01 02:41:29.225 +06:00  INF]  Request starting HTTP/2 GET https://localhost:7190/api/Authenticate/GetAllUsers - -
[2022-10-01 02:41:29.238 +06:00  INF]  CORS policy execution successful.
[2022-10-01 02:41:29.246 +06:00  INF]  Bearer was not authenticated. Failure message: No SecurityTokenValidator available for token.
[2022-10-01 02:41:29.248 +06:00  INF]  Request finished HTTP/2 GET https://localhost:7190/api/Authenticate/GetAllUsers - - - 404 0 - 21.8852ms
[2022-10-01 02:42:04.675 +06:00  INF]  Request starting HTTP/2 GET https://localhost:7190/_framework/aspnetcore-browser-refresh.js - -
[2022-10-01 02:42:04.680 +06:00  INF]  Request finished HTTP/2 GET https://localhost:7190/_framework/aspnetcore-browser-refresh.js - - - 200 12018 application/javascript;+charset=utf-8 3.6240ms
[2022-10-01 02:42:05.453 +06:00  INF]  Request starting HTTP/2 GET https://localhost:7190/swagger/v1/swagger.json - -
[2022-10-01 02:42:05.606 +06:00  INF]  Request finished HTTP/2 GET https://localhost:7190/swagger/v1/swagger.json - - - 200 - application/json;charset=utf-8 153.6787ms
[2022-10-01 02:42:41.195 +06:00  INF]  Request starting HTTP/2 OPTIONS https://localhost:7190/api/UserOperation/GetAllUsers - -
[2022-10-01 02:42:41.301 +06:00  INF]  CORS policy execution successful.
[2022-10-01 02:42:41.303 +06:00  INF]  Request finished HTTP/2 OPTIONS https://localhost:7190/api/UserOperation/GetAllUsers - - - 204 - - 112.1655ms
[2022-10-01 02:42:41.310 +06:00  INF]  Request starting HTTP/2 GET https://localhost:7190/api/UserOperation/GetAllUsers - -
[2022-10-01 02:42:41.313 +06:00  INF]  CORS policy execution successful.
[2022-10-01 02:42:41.316 +06:00  INF]  Bearer was not authenticated. Failure message: No SecurityTokenValidator available for token.
[2022-10-01 02:42:41.381 +06:00  INF]  Authorization failed. These requirements were not met:
DenyAnonymousAuthorizationRequirement: Requires an authenticated user.
RolesAuthorizationRequirement:User.IsInRole must be true for one of the following roles: (Admin)
[2022-10-01 02:42:41.460 +06:00  INF]  AuthenticationScheme: Bearer was challenged.
[2022-10-01 02:42:41.466 +06:00  INF]  Request finished HTTP/2 GET https://localhost:7190/api/UserOperation/GetAllUsers - - - 401 0 - 156.2715ms
[2022-10-01 02:45:41.204 +06:00  INF]  Request starting HTTP/2 OPTIONS https://localhost:7190/api/UserOperation/GetAllUsers - -
[2022-10-01 02:45:41.250 +06:00  INF]  CORS policy execution successful.
[2022-10-01 02:45:41.261 +06:00  INF]  Request finished HTTP/2 OPTIONS https://localhost:7190/api/UserOperation/GetAllUsers - - - 204 - - 66.5803ms
[2022-10-01 02:45:41.266 +06:00  INF]  Request starting HTTP/2 GET https://localhost:7190/api/UserOperation/GetAllUsers - -
[2022-10-01 02:45:41.277 +06:00  INF]  CORS policy execution successful.
[2022-10-01 02:45:41.292 +06:00  INF]  Bearer was not authenticated. Failure message: No SecurityTokenValidator available for token.
[2022-10-01 02:45:41.330 +06:00  INF]  Authorization failed. These requirements were not met:
DenyAnonymousAuthorizationRequirement: Requires an authenticated user.
RolesAuthorizationRequirement:User.IsInRole must be true for one of the following roles: (Admin)
[2022-10-01 02:45:41.347 +06:00  INF]  AuthenticationScheme: Bearer was challenged.
[2022-10-01 02:45:41.351 +06:00  INF]  Request finished HTTP/2 GET https://localhost:7190/api/UserOperation/GetAllUsers - - - 401 0 - 82.8542ms
[2022-10-01 02:45:45.674 +06:00  INF]  Request starting HTTP/2 GET https://localhost:7190/api/UserOperation/GetAllUsers - -
[2022-10-01 02:45:45.680 +06:00  INF]  CORS policy execution successful.
[2022-10-01 02:45:45.680 +06:00  INF]  Bearer was not authenticated. Failure message: No SecurityTokenValidator available for token.
[2022-10-01 02:45:45.682 +06:00  INF]  Authorization failed. These requirements were not met:
DenyAnonymousAuthorizationRequirement: Requires an authenticated user.
RolesAuthorizationRequirement:User.IsInRole must be true for one of the following roles: (Admin)
[2022-10-01 02:45:45.682 +06:00  INF]  AuthenticationScheme: Bearer was challenged.
[2022-10-01 02:45:45.683 +06:00  INF]  Request finished HTTP/2 GET https://localhost:7190/api/UserOperation/GetAllUsers - - - 401 0 - 36.5546ms
[2022-10-01 02:47:19.042 +06:00  INF]  Request starting HTTP/2 OPTIONS https://localhost:7190/api/UserOperation/GetAllUsers - -
[2022-10-01 02:47:19.046 +06:00  INF]  CORS policy execution successful.
[2022-10-01 02:47:19.052 +06:00  INF]  Request finished HTTP/2 OPTIONS https://localhost:7190/api/UserOperation/GetAllUsers - - - 204 - - 10.1909ms
[2022-10-01 02:47:19.076 +06:00  INF]  Request starting HTTP/2 GET https://localhost:7190/api/UserOperation/GetAllUsers - -
[2022-10-01 02:47:19.077 +06:00  INF]  CORS policy execution successful.
[2022-10-01 02:47:19.077 +06:00  INF]  Bearer was not authenticated. Failure message: No SecurityTokenValidator available for token.
[2022-10-01 02:47:19.077 +06:00  INF]  Authorization failed. These requirements were not met:
DenyAnonymousAuthorizationRequirement: Requires an authenticated user.
RolesAuthorizationRequirement:User.IsInRole must be true for one of the following roles: (Admin)
[2022-10-01 02:47:19.078 +06:00  INF]  AuthenticationScheme: Bearer was challenged.
[2022-10-01 02:47:19.078 +06:00  INF]  Request finished HTTP/2 GET https://localhost:7190/api/UserOperation/GetAllUsers - - - 401 0 - 1.5008ms
[2022-10-01 02:47:22.905 +06:00  INF]  Request starting HTTP/2 GET https://localhost:7190/api/UserOperation/GetAllUsers - -
[2022-10-01 02:47:22.905 +06:00  INF]  CORS policy execution successful.
[2022-10-01 02:47:22.906 +06:00  INF]  Bearer was not authenticated. Failure message: No SecurityTokenValidator available for token.
[2022-10-01 02:47:22.907 +06:00  INF]  Authorization failed. These requirements were not met:
DenyAnonymousAuthorizationRequirement: Requires an authenticated user.
RolesAuthorizationRequirement:User.IsInRole must be true for one of the following roles: (Admin)
[2022-10-01 02:47:22.907 +06:00  INF]  AuthenticationScheme: Bearer was challenged.
[2022-10-01 02:47:22.907 +06:00  INF]  Request finished HTTP/2 GET https://localhost:7190/api/UserOperation/GetAllUsers - - - 401 0 - 2.7962ms
[2022-10-01 02:48:41.077 +06:00  INF]  Request starting HTTP/2 OPTIONS https://localhost:7190/api/UserOperation/GetAllUsers - -
[2022-10-01 02:48:41.077 +06:00  INF]  CORS policy execution successful.
[2022-10-01 02:48:41.077 +06:00  INF]  Request finished HTTP/2 OPTIONS https://localhost:7190/api/UserOperation/GetAllUsers - - - 204 - - 0.7216ms
[2022-10-01 02:48:41.082 +06:00  INF]  Request starting HTTP/2 GET https://localhost:7190/api/UserOperation/GetAllUsers - -
[2022-10-01 02:48:41.084 +06:00  INF]  CORS policy execution successful.
[2022-10-01 02:48:41.085 +06:00  INF]  Bearer was not authenticated. Failure message: No SecurityTokenValidator available for token.
[2022-10-01 02:48:41.085 +06:00  INF]  Authorization failed. These requirements were not met:
DenyAnonymousAuthorizationRequirement: Requires an authenticated user.
RolesAuthorizationRequirement:User.IsInRole must be true for one of the following roles: (Admin)
[2022-10-01 02:48:41.085 +06:00  INF]  AuthenticationScheme: Bearer was challenged.
[2022-10-01 02:48:41.085 +06:00  INF]  Request finished HTTP/2 GET https://localhost:7190/api/UserOperation/GetAllUsers - - - 401 0 - 2.8054ms
[2022-10-01 02:51:45.306 +06:00  INF]  Request starting HTTP/2 OPTIONS https://localhost:7190/api/UserOperation/GetAllUsers - -
[2022-10-01 02:51:45.318 +06:00  INF]  CORS policy execution successful.
[2022-10-01 02:51:45.320 +06:00  INF]  Request finished HTTP/2 OPTIONS https://localhost:7190/api/UserOperation/GetAllUsers - - - 204 - - 15.4160ms
[2022-10-01 02:51:45.346 +06:00  INF]  Request starting HTTP/2 GET https://localhost:7190/api/UserOperation/GetAllUsers - -
[2022-10-01 02:51:45.347 +06:00  INF]  CORS policy execution successful.
[2022-10-01 02:51:45.348 +06:00  INF]  Bearer was not authenticated. Failure message: No SecurityTokenValidator available for token.
[2022-10-01 02:51:45.351 +06:00  INF]  Authorization failed. These requirements were not met:
DenyAnonymousAuthorizationRequirement: Requires an authenticated user.
RolesAuthorizationRequirement:User.IsInRole must be true for one of the following roles: (Admin)
[2022-10-01 02:51:45.351 +06:00  INF]  AuthenticationScheme: Bearer was challenged.
[2022-10-01 02:51:45.353 +06:00  INF]  Request finished HTTP/2 GET https://localhost:7190/api/UserOperation/GetAllUsers - - - 401 0 - 6.0037ms
[2022-10-01 02:52:13.870 +06:00  INF]  Request starting HTTP/2 OPTIONS https://localhost:7190/api/UserOperation/GetAllUsers - -
[2022-10-01 02:52:13.871 +06:00  INF]  CORS policy execution successful.
[2022-10-01 02:52:13.871 +06:00  INF]  Request finished HTTP/2 OPTIONS https://localhost:7190/api/UserOperation/GetAllUsers - - - 204 - - 1.5345ms
[2022-10-01 02:52:13.876 +06:00  INF]  Request starting HTTP/2 GET https://localhost:7190/api/UserOperation/GetAllUsers - -
[2022-10-01 02:52:13.877 +06:00  INF]  CORS policy execution successful.
[2022-10-01 02:52:13.877 +06:00  INF]  Bearer was not authenticated. Failure message: No SecurityTokenValidator available for token.
[2022-10-01 02:52:13.878 +06:00  INF]  Authorization failed. These requirements were not met:
DenyAnonymousAuthorizationRequirement: Requires an authenticated user.
RolesAuthorizationRequirement:User.IsInRole must be true for one of the following roles: (Admin)
[2022-10-01 02:52:13.878 +06:00  INF]  AuthenticationScheme: Bearer was challenged.
[2022-10-01 02:52:13.879 +06:00  INF]  Request finished HTTP/2 GET https://localhost:7190/api/UserOperation/GetAllUsers - - - 401 0 - 1.9391ms
[2022-10-01 02:52:19.428 +06:00  INF]  Request starting HTTP/2 OPTIONS https://localhost:7190/api/UserOperation/GetAllUsers - -
[2022-10-01 02:52:19.429 +06:00  INF]  CORS policy execution successful.
[2022-10-01 02:52:19.429 +06:00  INF]  Request finished HTTP/2 OPTIONS https://localhost:7190/api/UserOperation/GetAllUsers - - - 204 - - 1.1266ms
[2022-10-01 02:52:19.440 +06:00  INF]  Request starting HTTP/2 GET https://localhost:7190/api/UserOperation/GetAllUsers - -
[2022-10-01 02:52:19.440 +06:00  INF]  CORS policy execution successful.
[2022-10-01 02:52:19.441 +06:00  INF]  Bearer was not authenticated. Failure message: No SecurityTokenValidator available for token.
[2022-10-01 02:52:19.441 +06:00  INF]  Authorization failed. These requirements were not met:
DenyAnonymousAuthorizationRequirement: Requires an authenticated user.
RolesAuthorizationRequirement:User.IsInRole must be true for one of the following roles: (Admin)
[2022-10-01 02:52:19.442 +06:00  INF]  AuthenticationScheme: Bearer was challenged.
[2022-10-01 02:52:19.442 +06:00  INF]  Request finished HTTP/2 GET https://localhost:7190/api/UserOperation/GetAllUsers - - - 401 0 - 2.4529ms
[2022-10-01 02:52:44.656 +06:00  INF]  Request starting HTTP/2 OPTIONS https://localhost:7190/api/UserOperation/GetAllUsers - -
[2022-10-01 02:52:44.658 +06:00  INF]  CORS policy execution successful.
[2022-10-01 02:52:44.664 +06:00  INF]  Request finished HTTP/2 OPTIONS https://localhost:7190/api/UserOperation/GetAllUsers - - - 204 - - 7.6560ms
[2022-10-01 02:52:44.676 +06:00  INF]  Request starting HTTP/2 GET https://localhost:7190/api/UserOperation/GetAllUsers - -
[2022-10-01 02:52:44.676 +06:00  INF]  CORS policy execution successful.
[2022-10-01 02:52:44.676 +06:00  INF]  Bearer was not authenticated. Failure message: No SecurityTokenValidator available for token.
[2022-10-01 02:52:44.677 +06:00  INF]  Authorization failed. These requirements were not met:
DenyAnonymousAuthorizationRequirement: Requires an authenticated user.
RolesAuthorizationRequirement:User.IsInRole must be true for one of the following roles: (Admin)
[2022-10-01 02:52:44.677 +06:00  INF]  AuthenticationScheme: Bearer was challenged.
[2022-10-01 02:52:44.678 +06:00  INF]  Request finished HTTP/2 GET https://localhost:7190/api/UserOperation/GetAllUsers - - - 401 0 - 1.3482ms
[2022-10-01 02:52:51.265 +06:00  INF]  Request starting HTTP/2 OPTIONS https://localhost:7190/api/UserOperation/GetAllUsers - -
[2022-10-01 02:52:51.265 +06:00  INF]  CORS policy execution successful.
[2022-10-01 02:52:51.266 +06:00  INF]  Request finished HTTP/2 OPTIONS https://localhost:7190/api/UserOperation/GetAllUsers - - - 204 - - 1.4137ms
[2022-10-01 02:52:51.271 +06:00  INF]  Request starting HTTP/2 GET https://localhost:7190/api/UserOperation/GetAllUsers - -
[2022-10-01 02:52:51.272 +06:00  INF]  CORS policy execution successful.
[2022-10-01 02:52:51.272 +06:00  INF]  Bearer was not authenticated. Failure message: No SecurityTokenValidator available for token.
[2022-10-01 02:52:51.272 +06:00  INF]  Authorization failed. These requirements were not met:
DenyAnonymousAuthorizationRequirement: Requires an authenticated user.
RolesAuthorizationRequirement:User.IsInRole must be true for one of the following roles: (Admin)
[2022-10-01 02:52:51.272 +06:00  INF]  AuthenticationScheme: Bearer was challenged.
[2022-10-01 02:52:51.273 +06:00  INF]  Request finished HTTP/2 GET https://localhost:7190/api/UserOperation/GetAllUsers - - - 401 0 - 2.0143ms
[2022-10-01 02:53:10.080 +06:00  INF]  Request starting HTTP/2 OPTIONS https://localhost:7190/api/UserOperation/GetAllUsers - -
[2022-10-01 02:53:10.082 +06:00  INF]  CORS policy execution successful.
[2022-10-01 02:53:10.083 +06:00  INF]  Request finished HTTP/2 OPTIONS https://localhost:7190/api/UserOperation/GetAllUsers - - - 204 - - 2.4088ms
[2022-10-01 02:53:10.089 +06:00  INF]  Request starting HTTP/2 GET https://localhost:7190/api/UserOperation/GetAllUsers - -
[2022-10-01 02:53:10.089 +06:00  INF]  CORS policy execution successful.
[2022-10-01 02:53:10.089 +06:00  INF]  Bearer was not authenticated. Failure message: No SecurityTokenValidator available for token.
[2022-10-01 02:53:10.094 +06:00  INF]  Authorization failed. These requirements were not met:
DenyAnonymousAuthorizationRequirement: Requires an authenticated user.
RolesAuthorizationRequirement:User.IsInRole must be true for one of the following roles: (Admin)
[2022-10-01 02:53:10.094 +06:00  INF]  AuthenticationScheme: Bearer was challenged.
[2022-10-01 02:53:10.095 +06:00  INF]  Request finished HTTP/2 GET https://localhost:7190/api/UserOperation/GetAllUsers - - - 401 0 - 6.1793ms
[2022-10-01 02:53:15.410 +06:00  INF]  Request starting HTTP/2 OPTIONS https://localhost:7190/api/UserOperation/GetAllUsers - -
[2022-10-01 02:53:15.410 +06:00  INF]  CORS policy execution successful.
[2022-10-01 02:53:15.429 +06:00  INF]  Request finished HTTP/2 OPTIONS https://localhost:7190/api/UserOperation/GetAllUsers - - - 204 - - 19.6160ms
[2022-10-01 02:53:15.487 +06:00  INF]  Request starting HTTP/2 GET https://localhost:7190/api/UserOperation/GetAllUsers - -
[2022-10-01 02:53:15.488 +06:00  INF]  CORS policy execution successful.
[2022-10-01 02:53:15.488 +06:00  INF]  Bearer was not authenticated. Failure message: No SecurityTokenValidator available for token.
[2022-10-01 02:53:15.489 +06:00  INF]  Authorization failed. These requirements were not met:
DenyAnonymousAuthorizationRequirement: Requires an authenticated user.
RolesAuthorizationRequirement:User.IsInRole must be true for one of the following roles: (Admin)
[2022-10-01 02:53:15.489 +06:00  INF]  AuthenticationScheme: Bearer was challenged.
[2022-10-01 02:53:15.489 +06:00  INF]  Request finished HTTP/2 GET https://localhost:7190/api/UserOperation/GetAllUsers - - - 401 0 - 2.4520ms
[2022-10-01 02:54:40.126 +06:00  INF]  Request starting HTTP/2 OPTIONS https://localhost:7190/api/UserOperation/GetAllUsers - -
[2022-10-01 02:54:40.130 +06:00  INF]  CORS policy execution successful.
[2022-10-01 02:54:40.130 +06:00  INF]  Request finished HTTP/2 OPTIONS https://localhost:7190/api/UserOperation/GetAllUsers - - - 204 - - 5.3864ms
[2022-10-01 02:54:40.138 +06:00  INF]  Request starting HTTP/2 GET https://localhost:7190/api/UserOperation/GetAllUsers - -
[2022-10-01 02:54:40.138 +06:00  INF]  CORS policy execution successful.
[2022-10-01 02:54:40.138 +06:00  INF]  Bearer was not authenticated. Failure message: No SecurityTokenValidator available for token.
[2022-10-01 02:54:40.139 +06:00  INF]  Authorization failed. These requirements were not met:
DenyAnonymousAuthorizationRequirement: Requires an authenticated user.
RolesAuthorizationRequirement:User.IsInRole must be true for one of the following roles: (Admin)
[2022-10-01 02:54:40.139 +06:00  INF]  AuthenticationScheme: Bearer was challenged.
[2022-10-01 02:54:40.139 +06:00  INF]  Request finished HTTP/2 GET https://localhost:7190/api/UserOperation/GetAllUsers - - - 401 0 - 0.8625ms
[2022-10-01 02:54:48.561 +06:00  INF]  Request starting HTTP/2 OPTIONS https://localhost:7190/api/UserOperation/GetAllUsers - -
[2022-10-01 02:54:48.561 +06:00  INF]  CORS policy execution successful.
[2022-10-01 02:54:48.562 +06:00  INF]  Request finished HTTP/2 OPTIONS https://localhost:7190/api/UserOperation/GetAllUsers - - - 204 - - 0.7539ms
[2022-10-01 02:54:48.569 +06:00  INF]  Request starting HTTP/2 GET https://localhost:7190/api/UserOperation/GetAllUsers - -
[2022-10-01 02:54:48.569 +06:00  INF]  CORS policy execution successful.
[2022-10-01 02:54:48.569 +06:00  INF]  Bearer was not authenticated. Failure message: No SecurityTokenValidator available for token.
[2022-10-01 02:54:48.570 +06:00  INF]  Authorization failed. These requirements were not met:
DenyAnonymousAuthorizationRequirement: Requires an authenticated user.
RolesAuthorizationRequirement:User.IsInRole must be true for one of the following roles: (Admin)
[2022-10-01 02:54:48.570 +06:00  INF]  AuthenticationScheme: Bearer was challenged.
[2022-10-01 02:54:48.571 +06:00  INF]  Request finished HTTP/2 GET https://localhost:7190/api/UserOperation/GetAllUsers - - - 401 0 - 2.7575ms
[2022-10-01 02:56:01.463 +06:00  INF]  Request starting HTTP/2 OPTIONS https://localhost:7190/api/UserOperation/GetAllUsers - -
[2022-10-01 02:56:01.463 +06:00  INF]  CORS policy execution successful.
[2022-10-01 02:56:01.463 +06:00  INF]  Request finished HTTP/2 OPTIONS https://localhost:7190/api/UserOperation/GetAllUsers - - - 204 - - 0.6727ms
[2022-10-01 02:56:01.496 +06:00  INF]  Request starting HTTP/2 GET https://localhost:7190/api/UserOperation/GetAllUsers - -
[2022-10-01 02:56:01.496 +06:00  INF]  CORS policy execution successful.
[2022-10-01 02:56:01.497 +06:00  INF]  Bearer was not authenticated. Failure message: No SecurityTokenValidator available for token.
[2022-10-01 02:56:01.497 +06:00  INF]  Authorization failed. These requirements were not met:
DenyAnonymousAuthorizationRequirement: Requires an authenticated user.
RolesAuthorizationRequirement:User.IsInRole must be true for one of the following roles: (Admin)
[2022-10-01 02:56:01.497 +06:00  INF]  AuthenticationScheme: Bearer was challenged.
[2022-10-01 02:56:01.497 +06:00  INF]  Request finished HTTP/2 GET https://localhost:7190/api/UserOperation/GetAllUsers - - - 401 0 - 0.9660ms
[2022-10-01 02:56:54.565 +06:00  INF]  Request starting HTTP/2 OPTIONS https://localhost:7190/api/UserOperation/GetAllUsers - -
[2022-10-01 02:56:54.569 +06:00  INF]  CORS policy execution successful.
[2022-10-01 02:56:54.570 +06:00  INF]  Request finished HTTP/2 OPTIONS https://localhost:7190/api/UserOperation/GetAllUsers - - - 204 - - 5.3797ms
[2022-10-01 02:56:54.579 +06:00  INF]  Request starting HTTP/2 GET https://localhost:7190/api/UserOperation/GetAllUsers - -
[2022-10-01 02:56:54.579 +06:00  INF]  CORS policy execution successful.
[2022-10-01 02:56:54.579 +06:00  INF]  Bearer was not authenticated. Failure message: No SecurityTokenValidator available for token.
[2022-10-01 02:56:54.580 +06:00  INF]  Authorization failed. These requirements were not met:
DenyAnonymousAuthorizationRequirement: Requires an authenticated user.
RolesAuthorizationRequirement:User.IsInRole must be true for one of the following roles: (Admin)
[2022-10-01 02:56:54.580 +06:00  INF]  AuthenticationScheme: Bearer was challenged.
[2022-10-01 02:56:54.580 +06:00  INF]  Request finished HTTP/2 GET https://localhost:7190/api/UserOperation/GetAllUsers - - - 401 0 - 1.2715ms
[2022-10-01 02:57:57.733 +06:00  INF]  Request starting HTTP/2 OPTIONS https://localhost:7190/api/UserOperation/GetAllUsers - -
[2022-10-01 02:57:57.740 +06:00  INF]  CORS policy execution successful.
[2022-10-01 02:57:57.746 +06:00  INF]  Request finished HTTP/2 OPTIONS https://localhost:7190/api/UserOperation/GetAllUsers - - - 204 - - 7.5893ms
[2022-10-01 02:57:57.753 +06:00  INF]  Request starting HTTP/2 GET https://localhost:7190/api/UserOperation/GetAllUsers - -
[2022-10-01 02:57:57.753 +06:00  INF]  CORS policy execution successful.
[2022-10-01 02:57:57.753 +06:00  INF]  Bearer was not authenticated. Failure message: No SecurityTokenValidator available for token.
[2022-10-01 02:57:57.753 +06:00  INF]  Authorization failed. These requirements were not met:
DenyAnonymousAuthorizationRequirement: Requires an authenticated user.
RolesAuthorizationRequirement:User.IsInRole must be true for one of the following roles: (Admin)
[2022-10-01 02:57:57.753 +06:00  INF]  AuthenticationScheme: Bearer was challenged.
[2022-10-01 02:57:57.754 +06:00  INF]  Request finished HTTP/2 GET https://localhost:7190/api/UserOperation/GetAllUsers - - - 401 0 - 0.8401ms
[2022-10-01 02:58:01.452 +06:00  INF]  Request starting HTTP/2 GET https://localhost:7190/api/UserOperation/GetAllUsers - -
[2022-10-01 02:58:01.452 +06:00  INF]  CORS policy execution successful.
[2022-10-01 02:58:01.452 +06:00  INF]  Bearer was not authenticated. Failure message: No SecurityTokenValidator available for token.
[2022-10-01 02:58:01.453 +06:00  INF]  Authorization failed. These requirements were not met:
DenyAnonymousAuthorizationRequirement: Requires an authenticated user.
RolesAuthorizationRequirement:User.IsInRole must be true for one of the following roles: (Admin)
[2022-10-01 02:58:01.453 +06:00  INF]  AuthenticationScheme: Bearer was challenged.
[2022-10-01 02:58:01.453 +06:00  INF]  Request finished HTTP/2 GET https://localhost:7190/api/UserOperation/GetAllUsers - - - 401 0 - 1.6119ms
[2022-10-01 02:58:39.607 +06:00  INF]  Request starting HTTP/2 OPTIONS https://localhost:7190/api/UserOperation/GetAllUsers - -
[2022-10-01 02:58:39.615 +06:00  INF]  CORS policy execution successful.
[2022-10-01 02:58:39.621 +06:00  INF]  Request finished HTTP/2 OPTIONS https://localhost:7190/api/UserOperation/GetAllUsers - - - 204 - - 14.8733ms
[2022-10-01 02:58:39.632 +06:00  INF]  Request starting HTTP/2 GET https://localhost:7190/api/UserOperation/GetAllUsers - -
[2022-10-01 02:58:39.637 +06:00  INF]  CORS policy execution successful.
[2022-10-01 02:58:39.639 +06:00  INF]  Bearer was not authenticated. Failure message: No SecurityTokenValidator available for token.
[2022-10-01 02:58:39.641 +06:00  INF]  Authorization failed. These requirements were not met:
DenyAnonymousAuthorizationRequirement: Requires an authenticated user.
RolesAuthorizationRequirement:User.IsInRole must be true for one of the following roles: (Admin)
[2022-10-01 02:58:39.641 +06:00  INF]  AuthenticationScheme: Bearer was challenged.
[2022-10-01 02:58:39.641 +06:00  INF]  Request finished HTTP/2 GET https://localhost:7190/api/UserOperation/GetAllUsers - - - 401 0 - 8.7128ms
[2022-10-01 02:59:10.726 +06:00  INF]  Request starting HTTP/2 OPTIONS https://localhost:7190/api/UserOperation/GetAllUsers - -
[2022-10-01 02:59:10.737 +06:00  INF]  CORS policy execution successful.
[2022-10-01 02:59:10.740 +06:00  INF]  Request finished HTTP/2 OPTIONS https://localhost:7190/api/UserOperation/GetAllUsers - - - 204 - - 14.7284ms
[2022-10-01 02:59:10.745 +06:00  INF]  Request starting HTTP/2 GET https://localhost:7190/api/UserOperation/GetAllUsers - -
[2022-10-01 02:59:10.745 +06:00  INF]  CORS policy execution successful.
[2022-10-01 02:59:10.745 +06:00  INF]  Bearer was not authenticated. Failure message: No SecurityTokenValidator available for token.
[2022-10-01 02:59:10.745 +06:00  INF]  Authorization failed. These requirements were not met:
DenyAnonymousAuthorizationRequirement: Requires an authenticated user.
RolesAuthorizationRequirement:User.IsInRole must be true for one of the following roles: (Admin)
[2022-10-01 02:59:10.745 +06:00  INF]  AuthenticationScheme: Bearer was challenged.
[2022-10-01 02:59:10.746 +06:00  INF]  Request finished HTTP/2 GET https://localhost:7190/api/UserOperation/GetAllUsers - - - 401 0 - 1.1175ms
[2022-10-01 02:59:51.457 +06:00  INF]  Request starting HTTP/2 OPTIONS https://localhost:7190/api/UserOperation/GetAllUsers - -
[2022-10-01 02:59:51.463 +06:00  INF]  CORS policy execution successful.
[2022-10-01 02:59:51.472 +06:00  INF]  Request finished HTTP/2 OPTIONS https://localhost:7190/api/UserOperation/GetAllUsers - - - 204 - - 13.7172ms
[2022-10-01 02:59:51.499 +06:00  INF]  Request starting HTTP/2 GET https://localhost:7190/api/UserOperation/GetAllUsers - -
[2022-10-01 02:59:51.503 +06:00  INF]  CORS policy execution successful.
[2022-10-01 02:59:51.503 +06:00  INF]  Bearer was not authenticated. Failure message: No SecurityTokenValidator available for token.
[2022-10-01 02:59:51.503 +06:00  INF]  Authorization failed. These requirements were not met:
DenyAnonymousAuthorizationRequirement: Requires an authenticated user.
RolesAuthorizationRequirement:User.IsInRole must be true for one of the following roles: (Admin)
[2022-10-01 02:59:51.503 +06:00  INF]  AuthenticationScheme: Bearer was challenged.
[2022-10-01 02:59:51.503 +06:00  INF]  Request finished HTTP/2 GET https://localhost:7190/api/UserOperation/GetAllUsers - - - 401 0 - 4.5256ms
[2022-10-01 02:59:56.379 +06:00  INF]  Request starting HTTP/2 GET https://localhost:7190/api/UserOperation/GetAllUsers - -
[2022-10-01 02:59:56.385 +06:00  INF]  CORS policy execution successful.
[2022-10-01 02:59:56.385 +06:00  INF]  Bearer was not authenticated. Failure message: No SecurityTokenValidator available for token.
[2022-10-01 02:59:56.386 +06:00  INF]  Authorization failed. These requirements were not met:
DenyAnonymousAuthorizationRequirement: Requires an authenticated user.
RolesAuthorizationRequirement:User.IsInRole must be true for one of the following roles: (Admin)
[2022-10-01 02:59:56.386 +06:00  INF]  AuthenticationScheme: Bearer was challenged.
[2022-10-01 02:59:56.386 +06:00  INF]  Request finished HTTP/2 GET https://localhost:7190/api/UserOperation/GetAllUsers - - - 401 0 - 7.0123ms
[2022-10-01 03:00:44.695 +06:00  INF]  Request starting HTTP/2 OPTIONS https://localhost:7190/api/UserOperation/GetAllUsers - -
[2022-10-01 03:00:44.713 +06:00  INF]  CORS policy execution successful.
[2022-10-01 03:00:44.714 +06:00  INF]  Request finished HTTP/2 OPTIONS https://localhost:7190/api/UserOperation/GetAllUsers - - - 204 - - 19.3675ms
[2022-10-01 03:00:44.724 +06:00  INF]  Request starting HTTP/2 GET https://localhost:7190/api/UserOperation/GetAllUsers - -
[2022-10-01 03:00:44.724 +06:00  INF]  CORS policy execution successful.
[2022-10-01 03:00:44.727 +06:00  INF]  Bearer was not authenticated. Failure message: No SecurityTokenValidator available for token.
[2022-10-01 03:00:44.727 +06:00  INF]  Authorization failed. These requirements were not met:
DenyAnonymousAuthorizationRequirement: Requires an authenticated user.
RolesAuthorizationRequirement:User.IsInRole must be true for one of the following roles: (Admin)
[2022-10-01 03:00:44.727 +06:00  INF]  AuthenticationScheme: Bearer was challenged.
[2022-10-01 03:00:44.727 +06:00  INF]  Request finished HTTP/2 GET https://localhost:7190/api/UserOperation/GetAllUsers - - - 401 0 - 3.1097ms
[2022-10-01 03:01:59.466 +06:00  INF]  Request starting HTTP/2 OPTIONS https://localhost:7190/api/UserOperation/GetAllUsers - -
[2022-10-01 03:01:59.466 +06:00  INF]  CORS policy execution successful.
[2022-10-01 03:01:59.468 +06:00  INF]  Request finished HTTP/2 OPTIONS https://localhost:7190/api/UserOperation/GetAllUsers - - - 204 - - 2.3510ms
[2022-10-01 03:01:59.477 +06:00  INF]  Request starting HTTP/2 GET https://localhost:7190/api/UserOperation/GetAllUsers - -
[2022-10-01 03:01:59.478 +06:00  INF]  CORS policy execution successful.
[2022-10-01 03:01:59.478 +06:00  INF]  Bearer was not authenticated. Failure message: No SecurityTokenValidator available for token.
[2022-10-01 03:01:59.478 +06:00  INF]  Authorization failed. These requirements were not met:
DenyAnonymousAuthorizationRequirement: Requires an authenticated user.
RolesAuthorizationRequirement:User.IsInRole must be true for one of the following roles: (Admin)
[2022-10-01 03:01:59.478 +06:00  INF]  AuthenticationScheme: Bearer was challenged.
[2022-10-01 03:01:59.479 +06:00  INF]  Request finished HTTP/2 GET https://localhost:7190/api/UserOperation/GetAllUsers - - - 401 0 - 1.4110ms
[2022-10-01 03:02:30.775 +06:00  INF]  Request starting HTTP/2 GET https://localhost:7190/_framework/aspnetcore-browser-refresh.js - -
[2022-10-01 03:02:30.780 +06:00  INF]  Request finished HTTP/2 GET https://localhost:7190/_framework/aspnetcore-browser-refresh.js - - - 200 12018 application/javascript;+charset=utf-8 4.7219ms
[2022-10-01 03:02:31.154 +06:00  INF]  Request starting HTTP/2 GET https://localhost:7190/swagger/v1/swagger.json - -
[2022-10-01 03:02:31.392 +06:00  INF]  Request finished HTTP/2 GET https://localhost:7190/swagger/v1/swagger.json - - - 200 - application/json;charset=utf-8 238.3158ms
[2022-10-01 03:05:09.529 +06:00  INF]  Request starting HTTP/2 OPTIONS https://localhost:7190/api/UserOperation/GetAllUsers - -
[2022-10-01 03:05:09.535 +06:00  INF]  CORS policy execution successful.
[2022-10-01 03:05:09.539 +06:00  INF]  Request finished HTTP/2 OPTIONS https://localhost:7190/api/UserOperation/GetAllUsers - - - 204 - - 13.4218ms
[2022-10-01 03:05:09.544 +06:00  INF]  Request starting HTTP/2 GET https://localhost:7190/api/UserOperation/GetAllUsers - -
[2022-10-01 03:05:09.544 +06:00  INF]  CORS policy execution successful.
[2022-10-01 03:05:09.544 +06:00  INF]  Bearer was not authenticated. Failure message: No SecurityTokenValidator available for token.
[2022-10-01 03:05:09.544 +06:00  INF]  Authorization failed. These requirements were not met:
DenyAnonymousAuthorizationRequirement: Requires an authenticated user.
RolesAuthorizationRequirement:User.IsInRole must be true for one of the following roles: (Admin)
[2022-10-01 03:05:09.545 +06:00  INF]  AuthenticationScheme: Bearer was challenged.
[2022-10-01 03:05:09.545 +06:00  INF]  Request finished HTTP/2 GET https://localhost:7190/api/UserOperation/GetAllUsers - - - 401 0 - 0.8442ms
[2022-10-01 03:05:14.977 +06:00  INF]  Request starting HTTP/2 OPTIONS https://localhost:7190/api/UserOperation/GetAllUsers - -
[2022-10-01 03:05:14.978 +06:00  INF]  CORS policy execution successful.
[2022-10-01 03:05:14.978 +06:00  INF]  Request finished HTTP/2 OPTIONS https://localhost:7190/api/UserOperation/GetAllUsers - - - 204 - - 0.7953ms
[2022-10-01 03:05:14.998 +06:00  INF]  Request starting HTTP/2 GET https://localhost:7190/api/UserOperation/GetAllUsers - -
[2022-10-01 03:05:14.999 +06:00  INF]  CORS policy execution successful.
[2022-10-01 03:05:14.999 +06:00  INF]  Bearer was not authenticated. Failure message: No SecurityTokenValidator available for token.
[2022-10-01 03:05:14.999 +06:00  INF]  Authorization failed. These requirements were not met:
DenyAnonymousAuthorizationRequirement: Requires an authenticated user.
RolesAuthorizationRequirement:User.IsInRole must be true for one of the following roles: (Admin)
[2022-10-01 03:05:14.999 +06:00  INF]  AuthenticationScheme: Bearer was challenged.
[2022-10-01 03:05:15.000 +06:00  INF]  Request finished HTTP/2 GET https://localhost:7190/api/UserOperation/GetAllUsers - - - 401 0 - 1.6902ms
[2022-10-01 03:08:34.883 +06:00  INF]  Request starting HTTP/2 OPTIONS https://localhost:7190/api/UserOperation/GetAllUsers - -
[2022-10-01 03:08:34.930 +06:00  INF]  CORS policy execution successful.
[2022-10-01 03:08:34.943 +06:00  INF]  Request finished HTTP/2 OPTIONS https://localhost:7190/api/UserOperation/GetAllUsers - - - 204 - - 62.9039ms
[2022-10-01 03:08:34.948 +06:00  INF]  Request starting HTTP/2 GET https://localhost:7190/api/UserOperation/GetAllUsers - -
[2022-10-01 03:08:34.959 +06:00  INF]  CORS policy execution successful.
[2022-10-01 03:08:34.975 +06:00  INF]  Bearer was not authenticated. Failure message: No SecurityTokenValidator available for token.
[2022-10-01 03:08:34.988 +06:00  INF]  Authorization failed. These requirements were not met:
DenyAnonymousAuthorizationRequirement: Requires an authenticated user.
RolesAuthorizationRequirement:User.IsInRole must be true for one of the following roles: (Admin)
[2022-10-01 03:08:34.990 +06:00  INF]  AuthenticationScheme: Bearer was challenged.
[2022-10-01 03:08:34.991 +06:00  INF]  Request finished HTTP/2 GET https://localhost:7190/api/UserOperation/GetAllUsers - - - 401 0 - 41.9734ms
[2022-10-01 03:08:46.927 +06:00  INF]  Request starting HTTP/2 OPTIONS https://localhost:7190/api/UserOperation/GetAllUsers - -
[2022-10-01 03:08:46.928 +06:00  INF]  CORS policy execution successful.
[2022-10-01 03:08:46.978 +06:00  INF]  Request finished HTTP/2 OPTIONS https://localhost:7190/api/UserOperation/GetAllUsers - - - 204 - - 49.5940ms
[2022-10-01 03:08:46.984 +06:00  INF]  Request starting HTTP/2 GET https://localhost:7190/api/UserOperation/GetAllUsers - -
[2022-10-01 03:08:46.985 +06:00  INF]  CORS policy execution successful.
[2022-10-01 03:08:46.985 +06:00  INF]  Bearer was not authenticated. Failure message: No SecurityTokenValidator available for token.
[2022-10-01 03:08:46.985 +06:00  INF]  Authorization failed. These requirements were not met:
DenyAnonymousAuthorizationRequirement: Requires an authenticated user.
RolesAuthorizationRequirement:User.IsInRole must be true for one of the following roles: (Admin)
[2022-10-01 03:08:46.985 +06:00  INF]  AuthenticationScheme: Bearer was challenged.
[2022-10-01 03:08:46.985 +06:00  INF]  Request finished HTTP/2 GET https://localhost:7190/api/UserOperation/GetAllUsers - - - 401 0 - 1.0452ms
[2022-10-01 03:12:50.803 +06:00  INF]  Request starting HTTP/2 OPTIONS https://localhost:7190/api/UserOperation/GetAllUsers - -
[2022-10-01 03:12:51.448 +06:00  INF]  CORS policy execution successful.
[2022-10-01 03:12:51.456 +06:00  INF]  Request finished HTTP/2 OPTIONS https://localhost:7190/api/UserOperation/GetAllUsers - - - 204 - - 666.0297ms
[2022-10-01 03:12:51.473 +06:00  INF]  Request starting HTTP/2 GET https://localhost:7190/api/UserOperation/GetAllUsers - -
[2022-10-01 03:12:51.477 +06:00  INF]  CORS policy execution successful.
[2022-10-01 03:12:51.490 +06:00  INF]  Bearer was not authenticated. Failure message: No SecurityTokenValidator available for token.
[2022-10-01 03:12:51.501 +06:00  INF]  Authorization failed. These requirements were not met:
DenyAnonymousAuthorizationRequirement: Requires an authenticated user.
RolesAuthorizationRequirement:User.IsInRole must be true for one of the following roles: (Admin)
[2022-10-01 03:12:51.501 +06:00  INF]  AuthenticationScheme: Bearer was challenged.
[2022-10-01 03:12:51.503 +06:00  INF]  Request finished HTTP/2 GET https://localhost:7190/api/UserOperation/GetAllUsers - - - 401 0 - 28.7899ms
[2022-10-01 03:12:55.639 +06:00  INF]  Request starting HTTP/2 GET https://localhost:7190/api/UserOperation/GetAllUsers - -
[2022-10-01 03:12:55.641 +06:00  INF]  CORS policy execution successful.
[2022-10-01 03:12:55.642 +06:00  INF]  Bearer was not authenticated. Failure message: No SecurityTokenValidator available for token.
[2022-10-01 03:12:55.642 +06:00  INF]  Authorization failed. These requirements were not met:
DenyAnonymousAuthorizationRequirement: Requires an authenticated user.
RolesAuthorizationRequirement:User.IsInRole must be true for one of the following roles: (Admin)
[2022-10-01 03:12:55.644 +06:00  INF]  AuthenticationScheme: Bearer was challenged.
[2022-10-01 03:12:55.644 +06:00  INF]  Request finished HTTP/2 GET https://localhost:7190/api/UserOperation/GetAllUsers - - - 401 0 - 5.9270ms
[2022-10-01 03:13:39.306 +06:00  INF]  Request starting HTTP/2 OPTIONS https://localhost:7190/api/UserOperation/GetAllUsers - -
[2022-10-01 03:13:39.307 +06:00  INF]  CORS policy execution successful.
[2022-10-01 03:13:39.315 +06:00  INF]  Request finished HTTP/2 OPTIONS https://localhost:7190/api/UserOperation/GetAllUsers - - - 204 - - 11.2067ms
[2022-10-01 03:13:39.320 +06:00  INF]  Request starting HTTP/2 GET https://localhost:7190/api/UserOperation/GetAllUsers - -
[2022-10-01 03:13:39.321 +06:00  INF]  CORS policy execution successful.
[2022-10-01 03:13:39.321 +06:00  INF]  Bearer was not authenticated. Failure message: No SecurityTokenValidator available for token.
[2022-10-01 03:13:39.321 +06:00  INF]  Authorization failed. These requirements were not met:
DenyAnonymousAuthorizationRequirement: Requires an authenticated user.
RolesAuthorizationRequirement:User.IsInRole must be true for one of the following roles: (Admin)
[2022-10-01 03:13:39.322 +06:00  INF]  AuthenticationScheme: Bearer was challenged.
[2022-10-01 03:13:39.322 +06:00  INF]  Request finished HTTP/2 GET https://localhost:7190/api/UserOperation/GetAllUsers - - - 401 0 - 1.4402ms
[2022-10-01 03:13:57.511 +06:00  INF]  Request starting HTTP/2 OPTIONS https://localhost:7190/api/UserOperation/GetAllUsers - -
[2022-10-01 03:13:57.511 +06:00  INF]  CORS policy execution successful.
[2022-10-01 03:13:57.512 +06:00  INF]  Request finished HTTP/2 OPTIONS https://localhost:7190/api/UserOperation/GetAllUsers - - - 204 - - 1.2608ms
[2022-10-01 03:13:57.520 +06:00  INF]  Request starting HTTP/2 GET https://localhost:7190/api/UserOperation/GetAllUsers - -
[2022-10-01 03:13:57.521 +06:00  INF]  CORS policy execution successful.
[2022-10-01 03:13:57.521 +06:00  INF]  Bearer was not authenticated. Failure message: No SecurityTokenValidator available for token.
[2022-10-01 03:13:57.522 +06:00  INF]  Authorization failed. These requirements were not met:
DenyAnonymousAuthorizationRequirement: Requires an authenticated user.
RolesAuthorizationRequirement:User.IsInRole must be true for one of the following roles: (Admin)
[2022-10-01 03:13:57.522 +06:00  INF]  AuthenticationScheme: Bearer was challenged.
[2022-10-01 03:13:57.523 +06:00  INF]  Request finished HTTP/2 GET https://localhost:7190/api/UserOperation/GetAllUsers - - - 401 0 - 2.6175ms
[2022-10-01 03:16:02.179 +06:00  INF]  Request starting HTTP/2 OPTIONS https://localhost:7190/api/UserOperation/GetAllUsers - -
[2022-10-01 03:16:02.184 +06:00  INF]  CORS policy execution successful.
[2022-10-01 03:16:02.190 +06:00  INF]  Request finished HTTP/2 OPTIONS https://localhost:7190/api/UserOperation/GetAllUsers - - - 204 - - 12.9851ms
[2022-10-01 03:16:02.251 +06:00  INF]  Request starting HTTP/2 GET https://localhost:7190/api/UserOperation/GetAllUsers - -
[2022-10-01 03:16:02.251 +06:00  INF]  CORS policy execution successful.
[2022-10-01 03:16:02.252 +06:00  INF]  Bearer was not authenticated. Failure message: No SecurityTokenValidator available for token.
[2022-10-01 03:16:02.255 +06:00  INF]  Authorization failed. These requirements were not met:
DenyAnonymousAuthorizationRequirement: Requires an authenticated user.
RolesAuthorizationRequirement:User.IsInRole must be true for one of the following roles: (Admin)
[2022-10-01 03:16:02.255 +06:00  INF]  AuthenticationScheme: Bearer was challenged.
[2022-10-01 03:16:02.258 +06:00  INF]  Request finished HTTP/2 GET https://localhost:7190/api/UserOperation/GetAllUsers - - - 401 0 - 6.9112ms
[2022-10-01 03:26:06.484 +06:00  INF]  Request starting HTTP/1.1 GET https://localhost:7190/api/UserOperation/GetAllUsers - -
[2022-10-01 03:26:06.648 +06:00  INF]  Executing endpoint 'Authorization_System.API.Controllers.UserOperationController.GetAllUsers (Authorization_System.API)'
[2022-10-01 03:26:06.668 +06:00  INF]  Route matched with {action = "GetAllUsers", controller = "UserOperation"}. Executing controller action with signature System.Collections.Generic.IEnumerable`1[Microsoft.AspNetCore.Identity.IdentityUser] GetAllUsers() on controller Authorization_System.API.Controllers.UserOperationController (Authorization_System.API).
[2022-10-01 03:26:06.811 +06:00  INF]  Entity Framework Core 6.0.1 initialized 'ApplicationDbContext' using provider 'Microsoft.EntityFrameworkCore.SqlServer:6.0.1' with options: None
[2022-10-01 03:26:06.940 +06:00  INF]  Executed DbCommand (36ms) [Parameters=[], CommandType='"Text"', CommandTimeout='30']
SELECT [a].[Id], [a].[AccessFailedCount], [a].[ConcurrencyStamp], [a].[Email], [a].[EmailConfirmed], [a].[LockoutEnabled], [a].[LockoutEnd], [a].[NormalizedEmail], [a].[NormalizedUserName], [a].[PasswordHash], [a].[PhoneNumber], [a].[PhoneNumberConfirmed], [a].[SecurityStamp], [a].[TwoFactorEnabled], [a].[UserName]
FROM [AspNetUsers] AS [a]
[2022-10-01 03:26:06.965 +06:00  INF]  Executing ObjectResult, writing value of type 'System.Collections.Generic.List`1[[Microsoft.AspNetCore.Identity.IdentityUser, Microsoft.Extensions.Identity.Stores, Version=6.0.0.0, Culture=neutral, PublicKeyToken=adb9793829ddae60]]'.
[2022-10-01 03:26:06.989 +06:00  INF]  Executed action Authorization_System.API.Controllers.UserOperationController.GetAllUsers (Authorization_System.API) in 319.9026ms
[2022-10-01 03:26:06.989 +06:00  INF]  Executed endpoint 'Authorization_System.API.Controllers.UserOperationController.GetAllUsers (Authorization_System.API)'
[2022-10-01 03:26:06.992 +06:00  INF]  Request finished HTTP/1.1 GET https://localhost:7190/api/UserOperation/GetAllUsers - - - 200 - application/json;+charset=utf-8 531.1028ms
[2022-10-01 03:28:38.974 +06:00  INF]  Request starting HTTP/2 OPTIONS https://localhost:7190/api/UserOperation/GetAllUsers - -
[2022-10-01 03:28:38.978 +06:00  INF]  CORS policy execution successful.
[2022-10-01 03:28:38.983 +06:00  INF]  Request finished HTTP/2 OPTIONS https://localhost:7190/api/UserOperation/GetAllUsers - - - 204 - - 11.4649ms
[2022-10-01 03:28:38.994 +06:00  INF]  Request starting HTTP/2 GET https://localhost:7190/api/UserOperation/GetAllUsers - -
[2022-10-01 03:28:38.995 +06:00  INF]  CORS policy execution successful.
[2022-10-01 03:28:38.996 +06:00  INF]  Bearer was not authenticated. Failure message: No SecurityTokenValidator available for token.
[2022-10-01 03:28:38.996 +06:00  INF]  Authorization failed. These requirements were not met:
DenyAnonymousAuthorizationRequirement: Requires an authenticated user.
RolesAuthorizationRequirement:User.IsInRole must be true for one of the following roles: (Admin)
[2022-10-01 03:28:38.999 +06:00  INF]  AuthenticationScheme: Bearer was challenged.
[2022-10-01 03:28:39.000 +06:00  INF]  Request finished HTTP/2 GET https://localhost:7190/api/UserOperation/GetAllUsers - - - 401 0 - 5.8335ms
[2022-10-01 03:29:02.251 +06:00  INF]  Request starting HTTP/2 OPTIONS https://localhost:7190/api/UserOperation/GetAllUsers - -
[2022-10-01 03:29:02.263 +06:00  INF]  CORS policy execution successful.
[2022-10-01 03:29:02.263 +06:00  INF]  Request finished HTTP/2 OPTIONS https://localhost:7190/api/UserOperation/GetAllUsers - - - 204 - - 12.0322ms
[2022-10-01 03:29:02.274 +06:00  INF]  Request starting HTTP/2 GET https://localhost:7190/api/UserOperation/GetAllUsers - -
[2022-10-01 03:29:02.276 +06:00  INF]  CORS policy execution successful.
[2022-10-01 03:29:02.276 +06:00  INF]  Bearer was not authenticated. Failure message: No SecurityTokenValidator available for token.
[2022-10-01 03:29:02.276 +06:00  INF]  Authorization failed. These requirements were not met:
DenyAnonymousAuthorizationRequirement: Requires an authenticated user.
RolesAuthorizationRequirement:User.IsInRole must be true for one of the following roles: (Admin)
[2022-10-01 03:29:02.276 +06:00  INF]  AuthenticationScheme: Bearer was challenged.
[2022-10-01 03:29:02.277 +06:00  INF]  Request finished HTTP/2 GET https://localhost:7190/api/UserOperation/GetAllUsers - - - 401 0 - 2.6870ms
[2022-10-01 03:29:31.471 +06:00  INF]  Request starting HTTP/2 OPTIONS https://localhost:7190/api/UserOperation/GetAllUsers - -
[2022-10-01 03:29:31.473 +06:00  INF]  CORS policy execution successful.
[2022-10-01 03:29:31.478 +06:00  INF]  Request finished HTTP/2 OPTIONS https://localhost:7190/api/UserOperation/GetAllUsers - - - 204 - - 6.9037ms
[2022-10-01 03:29:31.489 +06:00  INF]  Request starting HTTP/2 GET https://localhost:7190/api/UserOperation/GetAllUsers - -
[2022-10-01 03:29:31.489 +06:00  INF]  CORS policy execution successful.
[2022-10-01 03:29:31.489 +06:00  INF]  Bearer was not authenticated. Failure message: No SecurityTokenValidator available for token.
[2022-10-01 03:29:31.489 +06:00  INF]  Authorization failed. These requirements were not met:
DenyAnonymousAuthorizationRequirement: Requires an authenticated user.
RolesAuthorizationRequirement:User.IsInRole must be true for one of the following roles: (Admin)
[2022-10-01 03:29:31.489 +06:00  INF]  AuthenticationScheme: Bearer was challenged.
[2022-10-01 03:29:31.489 +06:00  INF]  Request finished HTTP/2 GET https://localhost:7190/api/UserOperation/GetAllUsers - - - 401 0 - 0.7524ms
[2022-10-01 03:30:09.055 +06:00  INF]  Request starting HTTP/2 OPTIONS https://localhost:7190/api/UserOperation/GetAllUsers - -
[2022-10-01 03:30:09.057 +06:00  INF]  CORS policy execution successful.
[2022-10-01 03:30:09.058 +06:00  INF]  Request finished HTTP/2 OPTIONS https://localhost:7190/api/UserOperation/GetAllUsers - - - 204 - - 2.5723ms
[2022-10-01 03:30:09.062 +06:00  INF]  Request starting HTTP/2 GET https://localhost:7190/api/UserOperation/GetAllUsers - -
[2022-10-01 03:30:09.063 +06:00  INF]  CORS policy execution successful.
[2022-10-01 03:30:09.063 +06:00  INF]  Bearer was not authenticated. Failure message: No SecurityTokenValidator available for token.
[2022-10-01 03:30:09.065 +06:00  INF]  Authorization failed. These requirements were not met:
DenyAnonymousAuthorizationRequirement: Requires an authenticated user.
RolesAuthorizationRequirement:User.IsInRole must be true for one of the following roles: (Admin)
[2022-10-01 03:30:09.065 +06:00  INF]  AuthenticationScheme: Bearer was challenged.
[2022-10-01 03:30:09.065 +06:00  INF]  Request finished HTTP/2 GET https://localhost:7190/api/UserOperation/GetAllUsers - - - 401 0 - 2.5871ms
[2022-10-01 03:31:06.487 +06:00  INF]  Request starting HTTP/2 OPTIONS https://localhost:7190/api/UserOperation/GetAllUsers - -
[2022-10-01 03:31:06.489 +06:00  INF]  CORS policy execution successful.
[2022-10-01 03:31:06.490 +06:00  INF]  Request finished HTTP/2 OPTIONS https://localhost:7190/api/UserOperation/GetAllUsers - - - 204 - - 6.6336ms
[2022-10-01 03:31:06.499 +06:00  INF]  Request starting HTTP/2 GET https://localhost:7190/api/UserOperation/GetAllUsers - -
[2022-10-01 03:31:06.499 +06:00  INF]  CORS policy execution successful.
[2022-10-01 03:31:06.499 +06:00  INF]  Bearer was not authenticated. Failure message: No SecurityTokenValidator available for token.
[2022-10-01 03:31:06.500 +06:00  INF]  Authorization failed. These requirements were not met:
DenyAnonymousAuthorizationRequirement: Requires an authenticated user.
RolesAuthorizationRequirement:User.IsInRole must be true for one of the following roles: (Admin)
[2022-10-01 03:31:06.500 +06:00  INF]  AuthenticationScheme: Bearer was challenged.
[2022-10-01 03:31:06.500 +06:00  INF]  Request finished HTTP/2 GET https://localhost:7190/api/UserOperation/GetAllUsers - - - 401 0 - 1.3462ms
[2022-10-01 03:33:28.152 +06:00  INF]  Request starting HTTP/2 OPTIONS https://localhost:7190/api/UserOperation/GetAllUsers - -
[2022-10-01 03:33:28.153 +06:00  INF]  CORS policy execution successful.
[2022-10-01 03:33:28.154 +06:00  INF]  Request finished HTTP/2 OPTIONS https://localhost:7190/api/UserOperation/GetAllUsers - - - 204 - - 2.3913ms
[2022-10-01 03:33:28.158 +06:00  INF]  Request starting HTTP/2 GET https://localhost:7190/api/UserOperation/GetAllUsers - -
[2022-10-01 03:33:28.158 +06:00  INF]  CORS policy execution successful.
[2022-10-01 03:33:28.159 +06:00  INF]  Bearer was not authenticated. Failure message: No SecurityTokenValidator available for token.
[2022-10-01 03:33:28.160 +06:00  INF]  Authorization failed. These requirements were not met:
DenyAnonymousAuthorizationRequirement: Requires an authenticated user.
RolesAuthorizationRequirement:User.IsInRole must be true for one of the following roles: (Admin)
[2022-10-01 03:33:28.160 +06:00  INF]  AuthenticationScheme: Bearer was challenged.
[2022-10-01 03:33:28.161 +06:00  INF]  Request finished HTTP/2 GET https://localhost:7190/api/UserOperation/GetAllUsers - - - 401 0 - 3.0261ms
