[2022-09-29 03:18:08.142 +06:00  INF]  User profile is available. Using 'C:\Users\User\AppData\Local\ASP.NET\DataProtection-Keys' as key repository and Windows DPAPI to encrypt keys at rest.
[2022-09-29 03:18:10.742 +06:00  INF]  Entity Framework Core 6.0.1 initialized 'ApplicationDbContext' using provider 'Microsoft.EntityFrameworkCore.SqlServer:6.0.1' with options: None
[2022-09-29 03:18:16.324 +06:00  INF]  Executed DbCommand (1,617ms) [Parameters=[@__normalizedUserName_0='?' (Size = 256)], CommandType='"Text"', CommandTimeout='30']
SELECT TOP(1) [a].[Id], [a].[AccessFailedCount], [a].[ConcurrencyStamp], [a].[Email], [a].[EmailConfirmed], [a].[LockoutEnabled], [a].[LockoutEnd], [a].[NormalizedEmail], [a].[NormalizedUserName], [a].[PasswordHash], [a].[PhoneNumber], [a].[PhoneNumberConfirmed], [a].[SecurityStamp], [a].[TwoFactorEnabled], [a].[UserName]
FROM [AspNetUsers] AS [a]
WHERE [a].[NormalizedUserName] = @__normalizedUserName_0
[2022-09-29 03:18:21.412 +06:00  INF]  Now listening on: https://localhost:7190
[2022-09-29 03:18:21.412 +06:00  INF]  Now listening on: http://localhost:5190
[2022-09-29 03:18:21.413 +06:00  INF]  Application started. Press Ctrl+C to shut down.
[2022-09-29 03:18:21.413 +06:00  INF]  Hosting environment: Development
[2022-09-29 03:18:21.413 +06:00  INF]  Content root path: D:\Authorization_System\Authorization_System\Authorization_System.API\
[2022-09-29 03:18:23.810 +06:00  INF]  Request starting HTTP/2 GET https://localhost:7190/swagger/index.html - -
[2022-09-29 03:18:24.942 +06:00  INF]  Request finished HTTP/2 GET https://localhost:7190/swagger/index.html - - - 200 - text/html;charset=utf-8 1138.7456ms
[2022-09-29 03:18:25.030 +06:00  INF]  Request starting HTTP/2 GET https://localhost:7190/_framework/aspnetcore-browser-refresh.js - -
[2022-09-29 03:18:25.046 +06:00  INF]  Request finished HTTP/2 GET https://localhost:7190/_framework/aspnetcore-browser-refresh.js - - - 200 12018 application/javascript;+charset=utf-8 16.2904ms
[2022-09-29 03:18:26.982 +06:00  INF]  Request starting HTTP/2 GET https://localhost:7190/swagger/v1/swagger.json - -
[2022-09-29 03:18:27.204 +06:00  INF]  Request finished HTTP/2 GET https://localhost:7190/swagger/v1/swagger.json - - - 200 - application/json;charset=utf-8 221.0962ms
[2022-09-29 03:25:59.036 +06:00  INF]  Request starting HTTP/2 OPTIONS https://localhost:7190/api/Authenticate/login - -
[2022-09-29 03:25:59.183 +06:00  INF]  No CORS policy found for the specified request.
[2022-09-29 03:26:01.494 +06:00  INF]  Executing endpoint '405 HTTP Method Not Supported'
[2022-09-29 03:26:01.494 +06:00  INF]  Executed endpoint '405 HTTP Method Not Supported'
[2022-09-29 03:26:01.502 +06:00  INF]  Request finished HTTP/2 OPTIONS https://localhost:7190/api/Authenticate/login - - - 405 0 - 2476.7284ms
[2022-09-29 03:26:16.244 +06:00  INF]  Request starting HTTP/2 OPTIONS https://localhost:7190/api/Authenticate/login - -
[2022-09-29 03:26:16.250 +06:00  INF]  No CORS policy found for the specified request.
[2022-09-29 03:26:16.251 +06:00  INF]  Executing endpoint '405 HTTP Method Not Supported'
[2022-09-29 03:26:16.252 +06:00  INF]  Executed endpoint '405 HTTP Method Not Supported'
[2022-09-29 03:26:16.252 +06:00  INF]  Request finished HTTP/2 OPTIONS https://localhost:7190/api/Authenticate/login - - - 405 0 - 8.1989ms
[2022-09-29 03:26:43.274 +06:00  INF]  Request starting HTTP/2 OPTIONS https://localhost:7190/api/Authenticate/login - -
[2022-09-29 03:26:43.274 +06:00  INF]  No CORS policy found for the specified request.
[2022-09-29 03:26:43.274 +06:00  INF]  Executing endpoint '405 HTTP Method Not Supported'
[2022-09-29 03:26:43.274 +06:00  INF]  Executed endpoint '405 HTTP Method Not Supported'
[2022-09-29 03:26:43.275 +06:00  INF]  Request finished HTTP/2 OPTIONS https://localhost:7190/api/Authenticate/login - - - 405 0 - 36.3426ms
[2022-09-29 03:36:14.004 +06:00  INF]  User profile is available. Using 'C:\Users\User\AppData\Local\ASP.NET\DataProtection-Keys' as key repository and Windows DPAPI to encrypt keys at rest.
[2022-09-29 03:36:16.114 +06:00  INF]  Entity Framework Core 6.0.1 initialized 'ApplicationDbContext' using provider 'Microsoft.EntityFrameworkCore.SqlServer:6.0.1' with options: None
[2022-09-29 03:36:19.675 +06:00  INF]  Executed DbCommand (467ms) [Parameters=[@__normalizedUserName_0='?' (Size = 256)], CommandType='"Text"', CommandTimeout='30']
SELECT TOP(1) [a].[Id], [a].[AccessFailedCount], [a].[ConcurrencyStamp], [a].[Email], [a].[EmailConfirmed], [a].[LockoutEnabled], [a].[LockoutEnd], [a].[NormalizedEmail], [a].[NormalizedUserName], [a].[PasswordHash], [a].[PhoneNumber], [a].[PhoneNumberConfirmed], [a].[SecurityStamp], [a].[TwoFactorEnabled], [a].[UserName]
FROM [AspNetUsers] AS [a]
WHERE [a].[NormalizedUserName] = @__normalizedUserName_0
[2022-09-29 03:36:21.316 +06:00  INF]  Now listening on: https://localhost:7190
[2022-09-29 03:36:21.316 +06:00  INF]  Now listening on: http://localhost:5190
[2022-09-29 03:36:21.317 +06:00  INF]  Application started. Press Ctrl+C to shut down.
[2022-09-29 03:36:21.317 +06:00  INF]  Hosting environment: Development
[2022-09-29 03:36:21.317 +06:00  INF]  Content root path: D:\Authorization_System\Authorization_System\Authorization_System.API\
[2022-09-29 03:36:28.552 +06:00  INF]  Request starting HTTP/2 GET https://localhost:7190/swagger/index.html - -
[2022-09-29 03:36:54.798 +06:00  INF]  Request finished HTTP/2 GET https://localhost:7190/swagger/index.html - - - 200 - text/html;charset=utf-8 26234.0241ms
[2022-09-29 03:36:55.139 +06:00  INF]  Request starting HTTP/2 GET https://localhost:7190/_framework/aspnetcore-browser-refresh.js - -
[2022-09-29 03:36:55.175 +06:00  INF]  Request finished HTTP/2 GET https://localhost:7190/_framework/aspnetcore-browser-refresh.js - - - 200 12018 application/javascript;+charset=utf-8 36.7904ms
[2022-09-29 03:36:55.888 +06:00  INF]  Request starting HTTP/2 GET https://localhost:7190/swagger/v1/swagger.json - -
[2022-09-29 03:36:56.780 +06:00  INF]  Request finished HTTP/2 GET https://localhost:7190/swagger/v1/swagger.json - - - 200 - application/json;charset=utf-8 893.9943ms
[2022-09-29 03:37:04.702 +06:00  INF]  Request starting HTTP/2 GET https://localhost:7190/api/UserOperation/GetAllUsers - -
[2022-09-29 03:37:05.189 +06:00  INF]  Executing endpoint 'Authorization_System.API.Controllers.UserOperationController.GetAllUsers (Authorization_System.API)'
[2022-09-29 03:37:05.271 +06:00  INF]  Route matched with {action = "GetAllUsers", controller = "UserOperation"}. Executing controller action with signature System.Collections.Generic.IEnumerable`1[Microsoft.AspNetCore.Identity.IdentityUser] GetAllUsers() on controller Authorization_System.API.Controllers.UserOperationController (Authorization_System.API).
[2022-09-29 03:37:05.474 +06:00  INF]  Entity Framework Core 6.0.1 initialized 'ApplicationDbContext' using provider 'Microsoft.EntityFrameworkCore.SqlServer:6.0.1' with options: None
[2022-09-29 03:37:05.725 +06:00  INF]  Executed DbCommand (77ms) [Parameters=[], CommandType='"Text"', CommandTimeout='30']
SELECT [a].[Id], [a].[AccessFailedCount], [a].[ConcurrencyStamp], [a].[Email], [a].[EmailConfirmed], [a].[LockoutEnabled], [a].[LockoutEnd], [a].[NormalizedEmail], [a].[NormalizedUserName], [a].[PasswordHash], [a].[PhoneNumber], [a].[PhoneNumberConfirmed], [a].[SecurityStamp], [a].[TwoFactorEnabled], [a].[UserName]
FROM [AspNetUsers] AS [a]
[2022-09-29 03:37:05.794 +06:00  INF]  Executing ObjectResult, writing value of type 'System.Collections.Generic.List`1[[Microsoft.AspNetCore.Identity.IdentityUser, Microsoft.Extensions.Identity.Stores, Version=6.0.0.0, Culture=neutral, PublicKeyToken=adb9793829ddae60]]'.
[2022-09-29 03:37:05.869 +06:00  INF]  Executed action Authorization_System.API.Controllers.UserOperationController.GetAllUsers (Authorization_System.API) in 582.5253ms
[2022-09-29 03:37:05.872 +06:00  INF]  Executed endpoint 'Authorization_System.API.Controllers.UserOperationController.GetAllUsers (Authorization_System.API)'
[2022-09-29 03:37:05.913 +06:00  INF]  Request finished HTTP/2 GET https://localhost:7190/api/UserOperation/GetAllUsers - - - 200 - application/json;+charset=utf-8 1210.9911ms
[2022-09-29 03:37:27.271 +06:00  INF]  Request starting HTTP/2 OPTIONS https://localhost:7190/api/Authenticate/login - -
[2022-09-29 03:37:27.283 +06:00  INF]  CORS policy execution successful.
[2022-09-29 03:37:27.289 +06:00  INF]  Request finished HTTP/2 OPTIONS https://localhost:7190/api/Authenticate/login - - - 204 - - 18.0587ms
[2022-09-29 03:37:27.296 +06:00  INF]  Request starting HTTP/2 POST https://localhost:7190/api/Authenticate/login application/json 39
[2022-09-29 03:37:27.298 +06:00  INF]  CORS policy execution successful.
[2022-09-29 03:37:27.299 +06:00  INF]  Executing endpoint 'Authorization_System.API.Controllers.AuthenticateController.Login (Authorization_System.API)'
[2022-09-29 03:37:27.338 +06:00  INF]  Route matched with {action = "Login", controller = "Authenticate"}. Executing controller action with signature System.Threading.Tasks.Task`1[Microsoft.AspNetCore.Mvc.IActionResult] Login(Authorization_System.API.Models.LoginModel) on controller Authorization_System.API.Controllers.AuthenticateController (Authorization_System.API).
[2022-09-29 03:37:27.362 +06:00  INF]  Entity Framework Core 6.0.1 initialized 'ApplicationDbContext' using provider 'Microsoft.EntityFrameworkCore.SqlServer:6.0.1' with options: None
[2022-09-29 03:37:47.388 +06:00  INF]  Executed DbCommand (17ms) [Parameters=[@__normalizedUserName_0='?' (Size = 256)], CommandType='"Text"', CommandTimeout='30']
SELECT TOP(1) [a].[Id], [a].[AccessFailedCount], [a].[ConcurrencyStamp], [a].[Email], [a].[EmailConfirmed], [a].[LockoutEnabled], [a].[LockoutEnd], [a].[NormalizedEmail], [a].[NormalizedUserName], [a].[PasswordHash], [a].[PhoneNumber], [a].[PhoneNumberConfirmed], [a].[SecurityStamp], [a].[TwoFactorEnabled], [a].[UserName]
FROM [AspNetUsers] AS [a]
WHERE [a].[NormalizedUserName] = @__normalizedUserName_0
[2022-09-29 03:37:47.408 +06:00  INF]  Executing ObjectResult, writing value of type 'Microsoft.AspNetCore.Mvc.ProblemDetails'.
[2022-09-29 03:37:47.415 +06:00  INF]  Executed action Authorization_System.API.Controllers.AuthenticateController.Login (Authorization_System.API) in 20077.0781ms
[2022-09-29 03:37:47.416 +06:00  INF]  Executed endpoint 'Authorization_System.API.Controllers.AuthenticateController.Login (Authorization_System.API)'
[2022-09-29 03:37:47.420 +06:00  INF]  Request finished HTTP/2 POST https://localhost:7190/api/Authenticate/login application/json 39 - 401 - application/problem+json;+charset=utf-8 20124.8594ms
[2022-09-29 03:39:07.963 +06:00  INF]  Request starting HTTP/2 POST https://localhost:7190/api/Authenticate/register application/json 81
[2022-09-29 03:39:07.974 +06:00  INF]  CORS policy execution successful.
[2022-09-29 03:39:07.975 +06:00  INF]  Executing endpoint 'Authorization_System.API.Controllers.AuthenticateController.Register (Authorization_System.API)'
[2022-09-29 03:39:08.005 +06:00  INF]  Route matched with {action = "Register", controller = "Authenticate"}. Executing controller action with signature System.Threading.Tasks.Task`1[Microsoft.AspNetCore.Mvc.IActionResult] Register(Authorization_System.API.Models.RegisterModel) on controller Authorization_System.API.Controllers.AuthenticateController (Authorization_System.API).
[2022-09-29 03:39:08.027 +06:00  INF]  Entity Framework Core 6.0.1 initialized 'ApplicationDbContext' using provider 'Microsoft.EntityFrameworkCore.SqlServer:6.0.1' with options: None
[2022-09-29 03:39:08.098 +06:00  INF]  Executed DbCommand (10ms) [Parameters=[@__normalizedUserName_0='?' (Size = 256)], CommandType='"Text"', CommandTimeout='30']
SELECT TOP(1) [a].[Id], [a].[AccessFailedCount], [a].[ConcurrencyStamp], [a].[Email], [a].[EmailConfirmed], [a].[LockoutEnabled], [a].[LockoutEnd], [a].[NormalizedEmail], [a].[NormalizedUserName], [a].[PasswordHash], [a].[PhoneNumber], [a].[PhoneNumberConfirmed], [a].[SecurityStamp], [a].[TwoFactorEnabled], [a].[UserName]
FROM [AspNetUsers] AS [a]
WHERE [a].[NormalizedUserName] = @__normalizedUserName_0
[2022-09-29 03:39:08.685 +06:00  INF]  Executed DbCommand (7ms) [Parameters=[@__normalizedUserName_0='?' (Size = 256)], CommandType='"Text"', CommandTimeout='30']
SELECT TOP(1) [a].[Id], [a].[AccessFailedCount], [a].[ConcurrencyStamp], [a].[Email], [a].[EmailConfirmed], [a].[LockoutEnabled], [a].[LockoutEnd], [a].[NormalizedEmail], [a].[NormalizedUserName], [a].[PasswordHash], [a].[PhoneNumber], [a].[PhoneNumberConfirmed], [a].[SecurityStamp], [a].[TwoFactorEnabled], [a].[UserName]
FROM [AspNetUsers] AS [a]
WHERE [a].[NormalizedUserName] = @__normalizedUserName_0
[2022-09-29 03:39:09.409 +06:00  INF]  Executed DbCommand (110ms) [Parameters=[@p0='?' (Size = 450), @p1='?' (DbType = Int32), @p2='?' (Size = 4000), @p3='?' (Size = 256), @p4='?' (DbType = Boolean), @p5='?' (DbType = Boolean), @p6='?' (DbType = DateTimeOffset), @p7='?' (Size = 256), @p8='?' (Size = 256), @p9='?' (Size = 4000), @p10='?' (Size = 4000), @p11='?' (DbType = Boolean), @p12='?' (Size = 4000), @p13='?' (DbType = Boolean), @p14='?' (Size = 256)], CommandType='"Text"', CommandTimeout='30']
SET NOCOUNT ON;
INSERT INTO [AspNetUsers] ([Id], [AccessFailedCount], [ConcurrencyStamp], [Email], [EmailConfirmed], [LockoutEnabled], [LockoutEnd], [NormalizedEmail], [NormalizedUserName], [PasswordHash], [PhoneNumber], [PhoneNumberConfirmed], [SecurityStamp], [TwoFactorEnabled], [UserName])
VALUES (@p0, @p1, @p2, @p3, @p4, @p5, @p6, @p7, @p8, @p9, @p10, @p11, @p12, @p13, @p14);
[2022-09-29 03:39:09.498 +06:00  INF]  Executing OkObjectResult, writing value of type 'Authorization_System.API.Models.Response'.
[2022-09-29 03:39:09.505 +06:00  INF]  Executed action Authorization_System.API.Controllers.AuthenticateController.Register (Authorization_System.API) in 1499.0525ms
[2022-09-29 03:39:09.505 +06:00  INF]  Executed endpoint 'Authorization_System.API.Controllers.AuthenticateController.Register (Authorization_System.API)'
[2022-09-29 03:39:09.506 +06:00  INF]  Request finished HTTP/2 POST https://localhost:7190/api/Authenticate/register application/json 81 - 200 - application/json;+charset=utf-8 1544.6028ms
[2022-09-29 03:39:34.506 +06:00  INF]  Request starting HTTP/2 OPTIONS https://localhost:7190/api/Authenticate/login - -
[2022-09-29 03:39:34.507 +06:00  INF]  CORS policy execution successful.
[2022-09-29 03:39:34.512 +06:00  INF]  Request finished HTTP/2 OPTIONS https://localhost:7190/api/Authenticate/login - - - 204 - - 6.0643ms
[2022-09-29 03:39:34.518 +06:00  INF]  Request starting HTTP/2 POST https://localhost:7190/api/Authenticate/login application/json 41
[2022-09-29 03:39:34.519 +06:00  INF]  CORS policy execution successful.
[2022-09-29 03:39:34.519 +06:00  INF]  Executing endpoint 'Authorization_System.API.Controllers.AuthenticateController.Login (Authorization_System.API)'
[2022-09-29 03:39:34.524 +06:00  INF]  Route matched with {action = "Login", controller = "Authenticate"}. Executing controller action with signature System.Threading.Tasks.Task`1[Microsoft.AspNetCore.Mvc.IActionResult] Login(Authorization_System.API.Models.LoginModel) on controller Authorization_System.API.Controllers.AuthenticateController (Authorization_System.API).
[2022-09-29 03:39:34.526 +06:00  INF]  Entity Framework Core 6.0.1 initialized 'ApplicationDbContext' using provider 'Microsoft.EntityFrameworkCore.SqlServer:6.0.1' with options: None
[2022-09-29 03:39:34.539 +06:00  INF]  Executed DbCommand (11ms) [Parameters=[@__normalizedUserName_0='?' (Size = 256)], CommandType='"Text"', CommandTimeout='30']
SELECT TOP(1) [a].[Id], [a].[AccessFailedCount], [a].[ConcurrencyStamp], [a].[Email], [a].[EmailConfirmed], [a].[LockoutEnabled], [a].[LockoutEnd], [a].[NormalizedEmail], [a].[NormalizedUserName], [a].[PasswordHash], [a].[PhoneNumber], [a].[PhoneNumberConfirmed], [a].[SecurityStamp], [a].[TwoFactorEnabled], [a].[UserName]
FROM [AspNetUsers] AS [a]
WHERE [a].[NormalizedUserName] = @__normalizedUserName_0
[2022-09-29 03:39:34.909 +06:00  INF]  Executed DbCommand (32ms) [Parameters=[@__userId_0='?' (Size = 450)], CommandType='"Text"', CommandTimeout='30']
SELECT [a0].[Name]
FROM [AspNetUserRoles] AS [a]
INNER JOIN [AspNetRoles] AS [a0] ON [a].[RoleId] = [a0].[Id]
WHERE [a].[UserId] = @__userId_0
[2022-09-29 03:40:22.661 +06:00  INF]  Executing OkObjectResult, writing value of type '<>f__AnonymousType0`2[[System.String, System.Private.CoreLib, Version=6.0.0.0, Culture=neutral, PublicKeyToken=7cec85d7bea7798e],[System.DateTime, System.Private.CoreLib, Version=6.0.0.0, Culture=neutral, PublicKeyToken=7cec85d7bea7798e]]'.
[2022-09-29 03:40:22.745 +06:00  INF]  Executed action Authorization_System.API.Controllers.AuthenticateController.Login (Authorization_System.API) in 48219.696ms
[2022-09-29 03:40:22.746 +06:00  INF]  Executed endpoint 'Authorization_System.API.Controllers.AuthenticateController.Login (Authorization_System.API)'
[2022-09-29 03:40:22.761 +06:00  INF]  Request finished HTTP/2 POST https://localhost:7190/api/Authenticate/login application/json 41 - 200 - application/json;+charset=utf-8 48242.8354ms
[2022-09-29 03:48:52.617 +06:00  INF]  Request starting HTTP/2 OPTIONS https://localhost:7190/api/Authenticate/login - -
[2022-09-29 03:48:52.664 +06:00  INF]  CORS policy execution successful.
[2022-09-29 03:48:52.671 +06:00  INF]  Request finished HTTP/2 OPTIONS https://localhost:7190/api/Authenticate/login - - - 204 - - 63.5041ms
[2022-09-29 03:48:52.678 +06:00  INF]  Request starting HTTP/2 POST https://localhost:7190/api/Authenticate/login application/json 41
[2022-09-29 03:48:52.682 +06:00  INF]  CORS policy execution successful.
[2022-09-29 03:48:52.698 +06:00  INF]  Executing endpoint 'Authorization_System.API.Controllers.AuthenticateController.Login (Authorization_System.API)'
[2022-09-29 03:48:52.716 +06:00  INF]  Route matched with {action = "Login", controller = "Authenticate"}. Executing controller action with signature System.Threading.Tasks.Task`1[Microsoft.AspNetCore.Mvc.IActionResult] Login(Authorization_System.API.Models.LoginModel) on controller Authorization_System.API.Controllers.AuthenticateController (Authorization_System.API).
[2022-09-29 03:48:52.791 +06:00  INF]  Entity Framework Core 6.0.1 initialized 'ApplicationDbContext' using provider 'Microsoft.EntityFrameworkCore.SqlServer:6.0.1' with options: None
[2022-09-29 03:48:53.154 +06:00  INF]  Executed DbCommand (139ms) [Parameters=[@__normalizedUserName_0='?' (Size = 256)], CommandType='"Text"', CommandTimeout='30']
SELECT TOP(1) [a].[Id], [a].[AccessFailedCount], [a].[ConcurrencyStamp], [a].[Email], [a].[EmailConfirmed], [a].[LockoutEnabled], [a].[LockoutEnd], [a].[NormalizedEmail], [a].[NormalizedUserName], [a].[PasswordHash], [a].[PhoneNumber], [a].[PhoneNumberConfirmed], [a].[SecurityStamp], [a].[TwoFactorEnabled], [a].[UserName]
FROM [AspNetUsers] AS [a]
WHERE [a].[NormalizedUserName] = @__normalizedUserName_0
[2022-09-29 03:48:53.279 +06:00  INF]  Executed DbCommand (13ms) [Parameters=[@__userId_0='?' (Size = 450)], CommandType='"Text"', CommandTimeout='30']
SELECT [a0].[Name]
FROM [AspNetUserRoles] AS [a]
INNER JOIN [AspNetRoles] AS [a0] ON [a].[RoleId] = [a0].[Id]
WHERE [a].[UserId] = @__userId_0
[2022-09-29 03:48:53.299 +06:00  INF]  Executing OkObjectResult, writing value of type '<>f__AnonymousType0`2[[System.String, System.Private.CoreLib, Version=6.0.0.0, Culture=neutral, PublicKeyToken=7cec85d7bea7798e],[System.DateTime, System.Private.CoreLib, Version=6.0.0.0, Culture=neutral, PublicKeyToken=7cec85d7bea7798e]]'.
[2022-09-29 03:48:53.313 +06:00  INF]  Executed action Authorization_System.API.Controllers.AuthenticateController.Login (Authorization_System.API) in 596.2982ms
[2022-09-29 03:48:53.313 +06:00  INF]  Executed endpoint 'Authorization_System.API.Controllers.AuthenticateController.Login (Authorization_System.API)'
[2022-09-29 03:48:53.315 +06:00  INF]  Request finished HTTP/2 POST https://localhost:7190/api/Authenticate/login application/json 41 - 200 - application/json;+charset=utf-8 637.8948ms
[2022-09-29 03:56:12.131 +06:00  INF]  Request starting HTTP/2 OPTIONS https://localhost:7190/api/Authenticate/login - -
[2022-09-29 03:56:12.188 +06:00  INF]  CORS policy execution successful.
[2022-09-29 03:56:12.197 +06:00  INF]  Request finished HTTP/2 OPTIONS https://localhost:7190/api/Authenticate/login - - - 204 - - 82.3494ms
[2022-09-29 03:56:12.202 +06:00  INF]  Request starting HTTP/2 POST https://localhost:7190/api/Authenticate/login application/json 41
[2022-09-29 03:56:12.210 +06:00  INF]  CORS policy execution successful.
[2022-09-29 03:56:12.236 +06:00  INF]  Executing endpoint 'Authorization_System.API.Controllers.AuthenticateController.Login (Authorization_System.API)'
[2022-09-29 03:56:12.253 +06:00  INF]  Route matched with {action = "Login", controller = "Authenticate"}. Executing controller action with signature System.Threading.Tasks.Task`1[Microsoft.AspNetCore.Mvc.IActionResult] Login(Authorization_System.API.Models.LoginModel) on controller Authorization_System.API.Controllers.AuthenticateController (Authorization_System.API).
[2022-09-29 03:56:12.331 +06:00  INF]  Entity Framework Core 6.0.1 initialized 'ApplicationDbContext' using provider 'Microsoft.EntityFrameworkCore.SqlServer:6.0.1' with options: None
[2022-09-29 03:56:12.644 +06:00  INF]  Executed DbCommand (231ms) [Parameters=[@__normalizedUserName_0='?' (Size = 256)], CommandType='"Text"', CommandTimeout='30']
SELECT TOP(1) [a].[Id], [a].[AccessFailedCount], [a].[ConcurrencyStamp], [a].[Email], [a].[EmailConfirmed], [a].[LockoutEnabled], [a].[LockoutEnd], [a].[NormalizedEmail], [a].[NormalizedUserName], [a].[PasswordHash], [a].[PhoneNumber], [a].[PhoneNumberConfirmed], [a].[SecurityStamp], [a].[TwoFactorEnabled], [a].[UserName]
FROM [AspNetUsers] AS [a]
WHERE [a].[NormalizedUserName] = @__normalizedUserName_0
[2022-09-29 03:56:12.708 +06:00  INF]  Executed DbCommand (19ms) [Parameters=[@__userId_0='?' (Size = 450)], CommandType='"Text"', CommandTimeout='30']
SELECT [a0].[Name]
FROM [AspNetUserRoles] AS [a]
INNER JOIN [AspNetRoles] AS [a0] ON [a].[RoleId] = [a0].[Id]
WHERE [a].[UserId] = @__userId_0
[2022-09-29 03:56:12.723 +06:00  INF]  Executing OkObjectResult, writing value of type '<>f__AnonymousType0`2[[System.String, System.Private.CoreLib, Version=6.0.0.0, Culture=neutral, PublicKeyToken=7cec85d7bea7798e],[System.DateTime, System.Private.CoreLib, Version=6.0.0.0, Culture=neutral, PublicKeyToken=7cec85d7bea7798e]]'.
[2022-09-29 03:56:12.731 +06:00  INF]  Executed action Authorization_System.API.Controllers.AuthenticateController.Login (Authorization_System.API) in 476.1106ms
[2022-09-29 03:56:12.731 +06:00  INF]  Executed endpoint 'Authorization_System.API.Controllers.AuthenticateController.Login (Authorization_System.API)'
[2022-09-29 03:56:12.733 +06:00  INF]  Request finished HTTP/2 POST https://localhost:7190/api/Authenticate/login application/json 41 - 200 - application/json;+charset=utf-8 531.1969ms
[2022-09-29 03:59:24.973 +06:00  INF]  Request starting HTTP/2 OPTIONS https://localhost:7190/api/Authenticate/login - -
[2022-09-29 03:59:24.994 +06:00  INF]  CORS policy execution successful.
[2022-09-29 03:59:24.997 +06:00  INF]  Request finished HTTP/2 OPTIONS https://localhost:7190/api/Authenticate/login - - - 204 - - 34.1663ms
[2022-09-29 03:59:25.002 +06:00  INF]  Request starting HTTP/2 POST https://localhost:7190/api/Authenticate/login application/json 41
[2022-09-29 03:59:25.003 +06:00  INF]  CORS policy execution successful.
[2022-09-29 03:59:25.009 +06:00  INF]  Executing endpoint 'Authorization_System.API.Controllers.AuthenticateController.Login (Authorization_System.API)'
[2022-09-29 03:59:25.012 +06:00  INF]  Route matched with {action = "Login", controller = "Authenticate"}. Executing controller action with signature System.Threading.Tasks.Task`1[Microsoft.AspNetCore.Mvc.IActionResult] Login(Authorization_System.API.Models.LoginModel) on controller Authorization_System.API.Controllers.AuthenticateController (Authorization_System.API).
[2022-09-29 03:59:25.041 +06:00  INF]  Entity Framework Core 6.0.1 initialized 'ApplicationDbContext' using provider 'Microsoft.EntityFrameworkCore.SqlServer:6.0.1' with options: None
[2022-09-29 03:59:25.060 +06:00  INF]  Executed DbCommand (6ms) [Parameters=[@__normalizedUserName_0='?' (Size = 256)], CommandType='"Text"', CommandTimeout='30']
SELECT TOP(1) [a].[Id], [a].[AccessFailedCount], [a].[ConcurrencyStamp], [a].[Email], [a].[EmailConfirmed], [a].[LockoutEnabled], [a].[LockoutEnd], [a].[NormalizedEmail], [a].[NormalizedUserName], [a].[PasswordHash], [a].[PhoneNumber], [a].[PhoneNumberConfirmed], [a].[SecurityStamp], [a].[TwoFactorEnabled], [a].[UserName]
FROM [AspNetUsers] AS [a]
WHERE [a].[NormalizedUserName] = @__normalizedUserName_0
[2022-09-29 03:59:25.085 +06:00  INF]  Executed DbCommand (3ms) [Parameters=[@__userId_0='?' (Size = 450)], CommandType='"Text"', CommandTimeout='30']
SELECT [a0].[Name]
FROM [AspNetUserRoles] AS [a]
INNER JOIN [AspNetRoles] AS [a0] ON [a].[RoleId] = [a0].[Id]
WHERE [a].[UserId] = @__userId_0
[2022-09-29 03:59:25.091 +06:00  INF]  Executing OkObjectResult, writing value of type '<>f__AnonymousType0`2[[System.String, System.Private.CoreLib, Version=6.0.0.0, Culture=neutral, PublicKeyToken=7cec85d7bea7798e],[System.DateTime, System.Private.CoreLib, Version=6.0.0.0, Culture=neutral, PublicKeyToken=7cec85d7bea7798e]]'.
[2022-09-29 03:59:25.093 +06:00  INF]  Executed action Authorization_System.API.Controllers.AuthenticateController.Login (Authorization_System.API) in 80.9509ms
[2022-09-29 03:59:25.094 +06:00  INF]  Executed endpoint 'Authorization_System.API.Controllers.AuthenticateController.Login (Authorization_System.API)'
[2022-09-29 03:59:25.094 +06:00  INF]  Request finished HTTP/2 POST https://localhost:7190/api/Authenticate/login application/json 41 - 200 - application/json;+charset=utf-8 92.0613ms
[2022-09-29 04:00:33.461 +06:00  INF]  Request starting HTTP/2 OPTIONS https://localhost:7190/api/Authenticate/login - -
[2022-09-29 04:00:33.465 +06:00  INF]  CORS policy execution successful.
[2022-09-29 04:00:33.467 +06:00  INF]  Request finished HTTP/2 OPTIONS https://localhost:7190/api/Authenticate/login - - - 204 - - 5.3416ms
[2022-09-29 04:00:33.470 +06:00  INF]  Request starting HTTP/2 POST https://localhost:7190/api/Authenticate/login application/json 41
[2022-09-29 04:00:33.470 +06:00  INF]  CORS policy execution successful.
[2022-09-29 04:00:33.471 +06:00  INF]  Executing endpoint 'Authorization_System.API.Controllers.AuthenticateController.Login (Authorization_System.API)'
[2022-09-29 04:00:33.471 +06:00  INF]  Route matched with {action = "Login", controller = "Authenticate"}. Executing controller action with signature System.Threading.Tasks.Task`1[Microsoft.AspNetCore.Mvc.IActionResult] Login(Authorization_System.API.Models.LoginModel) on controller Authorization_System.API.Controllers.AuthenticateController (Authorization_System.API).
[2022-09-29 04:00:33.475 +06:00  INF]  Entity Framework Core 6.0.1 initialized 'ApplicationDbContext' using provider 'Microsoft.EntityFrameworkCore.SqlServer:6.0.1' with options: None
[2022-09-29 04:00:33.484 +06:00  INF]  Executed DbCommand (6ms) [Parameters=[@__normalizedUserName_0='?' (Size = 256)], CommandType='"Text"', CommandTimeout='30']
SELECT TOP(1) [a].[Id], [a].[AccessFailedCount], [a].[ConcurrencyStamp], [a].[Email], [a].[EmailConfirmed], [a].[LockoutEnabled], [a].[LockoutEnd], [a].[NormalizedEmail], [a].[NormalizedUserName], [a].[PasswordHash], [a].[PhoneNumber], [a].[PhoneNumberConfirmed], [a].[SecurityStamp], [a].[TwoFactorEnabled], [a].[UserName]
FROM [AspNetUsers] AS [a]
WHERE [a].[NormalizedUserName] = @__normalizedUserName_0
[2022-09-29 04:00:33.501 +06:00  INF]  Executed DbCommand (4ms) [Parameters=[@__userId_0='?' (Size = 450)], CommandType='"Text"', CommandTimeout='30']
SELECT [a0].[Name]
FROM [AspNetUserRoles] AS [a]
INNER JOIN [AspNetRoles] AS [a0] ON [a].[RoleId] = [a0].[Id]
WHERE [a].[UserId] = @__userId_0
[2022-09-29 04:00:33.503 +06:00  INF]  Executing OkObjectResult, writing value of type '<>f__AnonymousType0`2[[System.String, System.Private.CoreLib, Version=6.0.0.0, Culture=neutral, PublicKeyToken=7cec85d7bea7798e],[System.DateTime, System.Private.CoreLib, Version=6.0.0.0, Culture=neutral, PublicKeyToken=7cec85d7bea7798e]]'.
[2022-09-29 04:00:33.505 +06:00  INF]  Executed action Authorization_System.API.Controllers.AuthenticateController.Login (Authorization_System.API) in 33.4634ms
[2022-09-29 04:00:33.505 +06:00  INF]  Executed endpoint 'Authorization_System.API.Controllers.AuthenticateController.Login (Authorization_System.API)'
[2022-09-29 04:00:33.505 +06:00  INF]  Request finished HTTP/2 POST https://localhost:7190/api/Authenticate/login application/json 41 - 200 - application/json;+charset=utf-8 35.1418ms
[2022-09-29 04:13:04.303 +06:00  INF]  Request starting HTTP/2 OPTIONS https://localhost:7190/api/Authenticate/login - -
[2022-09-29 04:13:04.406 +06:00  INF]  CORS policy execution successful.
[2022-09-29 04:13:04.418 +06:00  INF]  Request finished HTTP/2 OPTIONS https://localhost:7190/api/Authenticate/login - - - 204 - - 130.8798ms
[2022-09-29 04:13:04.448 +06:00  INF]  Request starting HTTP/2 POST https://localhost:7190/api/Authenticate/login application/json 41
[2022-09-29 04:13:04.462 +06:00  INF]  CORS policy execution successful.
[2022-09-29 04:13:04.510 +06:00  INF]  Executing endpoint 'Authorization_System.API.Controllers.AuthenticateController.Login (Authorization_System.API)'
[2022-09-29 04:13:04.542 +06:00  INF]  Route matched with {action = "Login", controller = "Authenticate"}. Executing controller action with signature System.Threading.Tasks.Task`1[Microsoft.AspNetCore.Mvc.IActionResult] Login(Authorization_System.API.Models.LoginModel) on controller Authorization_System.API.Controllers.AuthenticateController (Authorization_System.API).
[2022-09-29 04:13:04.744 +06:00  INF]  Entity Framework Core 6.0.1 initialized 'ApplicationDbContext' using provider 'Microsoft.EntityFrameworkCore.SqlServer:6.0.1' with options: None
[2022-09-29 04:13:05.495 +06:00  INF]  Executed DbCommand (161ms) [Parameters=[@__normalizedUserName_0='?' (Size = 256)], CommandType='"Text"', CommandTimeout='30']
SELECT TOP(1) [a].[Id], [a].[AccessFailedCount], [a].[ConcurrencyStamp], [a].[Email], [a].[EmailConfirmed], [a].[LockoutEnabled], [a].[LockoutEnd], [a].[NormalizedEmail], [a].[NormalizedUserName], [a].[PasswordHash], [a].[PhoneNumber], [a].[PhoneNumberConfirmed], [a].[SecurityStamp], [a].[TwoFactorEnabled], [a].[UserName]
FROM [AspNetUsers] AS [a]
WHERE [a].[NormalizedUserName] = @__normalizedUserName_0
[2022-09-29 04:13:05.589 +06:00  INF]  Executed DbCommand (15ms) [Parameters=[@__userId_0='?' (Size = 450)], CommandType='"Text"', CommandTimeout='30']
SELECT [a0].[Name]
FROM [AspNetUserRoles] AS [a]
INNER JOIN [AspNetRoles] AS [a0] ON [a].[RoleId] = [a0].[Id]
WHERE [a].[UserId] = @__userId_0
[2022-09-29 04:13:05.617 +06:00  INF]  Executing OkObjectResult, writing value of type '<>f__AnonymousType0`2[[System.String, System.Private.CoreLib, Version=6.0.0.0, Culture=neutral, PublicKeyToken=7cec85d7bea7798e],[System.DateTime, System.Private.CoreLib, Version=6.0.0.0, Culture=neutral, PublicKeyToken=7cec85d7bea7798e]]'.
[2022-09-29 04:13:05.638 +06:00  INF]  Executed action Authorization_System.API.Controllers.AuthenticateController.Login (Authorization_System.API) in 1090.7716ms
[2022-09-29 04:13:05.638 +06:00  INF]  Executed endpoint 'Authorization_System.API.Controllers.AuthenticateController.Login (Authorization_System.API)'
[2022-09-29 04:13:05.640 +06:00  INF]  Request finished HTTP/2 POST https://localhost:7190/api/Authenticate/login application/json 41 - 200 - application/json;+charset=utf-8 1193.0418ms
[2022-09-29 04:13:44.168 +06:00  INF]  Request starting HTTP/2 OPTIONS https://localhost:7190/api/Authenticate/login - -
[2022-09-29 04:13:44.202 +06:00  INF]  CORS policy execution successful.
[2022-09-29 04:13:44.203 +06:00  INF]  Request finished HTTP/2 OPTIONS https://localhost:7190/api/Authenticate/login - - - 204 - - 35.1049ms
[2022-09-29 04:13:44.226 +06:00  INF]  Request starting HTTP/2 POST https://localhost:7190/api/Authenticate/login application/json 41
[2022-09-29 04:13:44.226 +06:00  INF]  CORS policy execution successful.
[2022-09-29 04:13:44.226 +06:00  INF]  Executing endpoint 'Authorization_System.API.Controllers.AuthenticateController.Login (Authorization_System.API)'
[2022-09-29 04:13:44.228 +06:00  INF]  Route matched with {action = "Login", controller = "Authenticate"}. Executing controller action with signature System.Threading.Tasks.Task`1[Microsoft.AspNetCore.Mvc.IActionResult] Login(Authorization_System.API.Models.LoginModel) on controller Authorization_System.API.Controllers.AuthenticateController (Authorization_System.API).
[2022-09-29 04:13:44.231 +06:00  INF]  Entity Framework Core 6.0.1 initialized 'ApplicationDbContext' using provider 'Microsoft.EntityFrameworkCore.SqlServer:6.0.1' with options: None
[2022-09-29 04:13:44.238 +06:00  INF]  Executed DbCommand (6ms) [Parameters=[@__normalizedUserName_0='?' (Size = 256)], CommandType='"Text"', CommandTimeout='30']
SELECT TOP(1) [a].[Id], [a].[AccessFailedCount], [a].[ConcurrencyStamp], [a].[Email], [a].[EmailConfirmed], [a].[LockoutEnabled], [a].[LockoutEnd], [a].[NormalizedEmail], [a].[NormalizedUserName], [a].[PasswordHash], [a].[PhoneNumber], [a].[PhoneNumberConfirmed], [a].[SecurityStamp], [a].[TwoFactorEnabled], [a].[UserName]
FROM [AspNetUsers] AS [a]
WHERE [a].[NormalizedUserName] = @__normalizedUserName_0
[2022-09-29 04:13:44.260 +06:00  INF]  Executed DbCommand (5ms) [Parameters=[@__userId_0='?' (Size = 450)], CommandType='"Text"', CommandTimeout='30']
SELECT [a0].[Name]
FROM [AspNetUserRoles] AS [a]
INNER JOIN [AspNetRoles] AS [a0] ON [a].[RoleId] = [a0].[Id]
WHERE [a].[UserId] = @__userId_0
[2022-09-29 04:13:44.263 +06:00  INF]  Executing OkObjectResult, writing value of type '<>f__AnonymousType0`2[[System.String, System.Private.CoreLib, Version=6.0.0.0, Culture=neutral, PublicKeyToken=7cec85d7bea7798e],[System.DateTime, System.Private.CoreLib, Version=6.0.0.0, Culture=neutral, PublicKeyToken=7cec85d7bea7798e]]'.
[2022-09-29 04:13:44.263 +06:00  INF]  Executed action Authorization_System.API.Controllers.AuthenticateController.Login (Authorization_System.API) in 34.9872ms
[2022-09-29 04:13:44.264 +06:00  INF]  Executed endpoint 'Authorization_System.API.Controllers.AuthenticateController.Login (Authorization_System.API)'
[2022-09-29 04:13:44.264 +06:00  INF]  Request finished HTTP/2 POST https://localhost:7190/api/Authenticate/login application/json 41 - 200 - application/json;+charset=utf-8 37.9667ms
[2022-09-29 04:15:55.418 +06:00  INF]  Request starting HTTP/2 OPTIONS https://localhost:7190/api/Authenticate/login - -
[2022-09-29 04:15:55.451 +06:00  INF]  CORS policy execution successful.
[2022-09-29 04:15:55.456 +06:00  INF]  Request finished HTTP/2 OPTIONS https://localhost:7190/api/Authenticate/login - - - 204 - - 46.1895ms
[2022-09-29 04:15:55.461 +06:00  INF]  Request starting HTTP/2 POST https://localhost:7190/api/Authenticate/login application/json 41
[2022-09-29 04:15:55.463 +06:00  INF]  CORS policy execution successful.
[2022-09-29 04:15:55.473 +06:00  INF]  Executing endpoint 'Authorization_System.API.Controllers.AuthenticateController.Login (Authorization_System.API)'
[2022-09-29 04:15:55.479 +06:00  INF]  Route matched with {action = "Login", controller = "Authenticate"}. Executing controller action with signature System.Threading.Tasks.Task`1[Microsoft.AspNetCore.Mvc.IActionResult] Login(Authorization_System.API.Models.LoginModel) on controller Authorization_System.API.Controllers.AuthenticateController (Authorization_System.API).
[2022-09-29 04:15:55.528 +06:00  INF]  Entity Framework Core 6.0.1 initialized 'ApplicationDbContext' using provider 'Microsoft.EntityFrameworkCore.SqlServer:6.0.1' with options: None
[2022-09-29 04:15:55.715 +06:00  INF]  Executed DbCommand (148ms) [Parameters=[@__normalizedUserName_0='?' (Size = 256)], CommandType='"Text"', CommandTimeout='30']
SELECT TOP(1) [a].[Id], [a].[AccessFailedCount], [a].[ConcurrencyStamp], [a].[Email], [a].[EmailConfirmed], [a].[LockoutEnabled], [a].[LockoutEnd], [a].[NormalizedEmail], [a].[NormalizedUserName], [a].[PasswordHash], [a].[PhoneNumber], [a].[PhoneNumberConfirmed], [a].[SecurityStamp], [a].[TwoFactorEnabled], [a].[UserName]
FROM [AspNetUsers] AS [a]
WHERE [a].[NormalizedUserName] = @__normalizedUserName_0
[2022-09-29 04:15:55.754 +06:00  INF]  Executed DbCommand (10ms) [Parameters=[@__userId_0='?' (Size = 450)], CommandType='"Text"', CommandTimeout='30']
SELECT [a0].[Name]
FROM [AspNetUserRoles] AS [a]
INNER JOIN [AspNetRoles] AS [a0] ON [a].[RoleId] = [a0].[Id]
WHERE [a].[UserId] = @__userId_0
[2022-09-29 04:15:55.765 +06:00  INF]  Executing OkObjectResult, writing value of type '<>f__AnonymousType0`2[[System.String, System.Private.CoreLib, Version=6.0.0.0, Culture=neutral, PublicKeyToken=7cec85d7bea7798e],[System.DateTime, System.Private.CoreLib, Version=6.0.0.0, Culture=neutral, PublicKeyToken=7cec85d7bea7798e]]'.
[2022-09-29 04:15:55.767 +06:00  INF]  Executed action Authorization_System.API.Controllers.AuthenticateController.Login (Authorization_System.API) in 287.1538ms
[2022-09-29 04:15:55.768 +06:00  INF]  Executed endpoint 'Authorization_System.API.Controllers.AuthenticateController.Login (Authorization_System.API)'
[2022-09-29 04:15:55.768 +06:00  INF]  Request finished HTTP/2 POST https://localhost:7190/api/Authenticate/login application/json 41 - 200 - application/json;+charset=utf-8 307.3701ms
[2022-09-29 04:16:11.454 +06:00  INF]  Request starting HTTP/2 OPTIONS https://localhost:7190/api/Authenticate/login - -
[2022-09-29 04:16:11.455 +06:00  INF]  CORS policy execution successful.
[2022-09-29 04:16:11.455 +06:00  INF]  Request finished HTTP/2 OPTIONS https://localhost:7190/api/Authenticate/login - - - 204 - - 0.5774ms
[2022-09-29 04:16:11.461 +06:00  INF]  Request starting HTTP/2 POST https://localhost:7190/api/Authenticate/login application/json 41
[2022-09-29 04:16:11.461 +06:00  INF]  CORS policy execution successful.
[2022-09-29 04:16:11.462 +06:00  INF]  Executing endpoint 'Authorization_System.API.Controllers.AuthenticateController.Login (Authorization_System.API)'
[2022-09-29 04:16:11.462 +06:00  INF]  Route matched with {action = "Login", controller = "Authenticate"}. Executing controller action with signature System.Threading.Tasks.Task`1[Microsoft.AspNetCore.Mvc.IActionResult] Login(Authorization_System.API.Models.LoginModel) on controller Authorization_System.API.Controllers.AuthenticateController (Authorization_System.API).
[2022-09-29 04:16:11.465 +06:00  INF]  Entity Framework Core 6.0.1 initialized 'ApplicationDbContext' using provider 'Microsoft.EntityFrameworkCore.SqlServer:6.0.1' with options: None
[2022-09-29 04:16:11.470 +06:00  INF]  Executed DbCommand (4ms) [Parameters=[@__normalizedUserName_0='?' (Size = 256)], CommandType='"Text"', CommandTimeout='30']
SELECT TOP(1) [a].[Id], [a].[AccessFailedCount], [a].[ConcurrencyStamp], [a].[Email], [a].[EmailConfirmed], [a].[LockoutEnabled], [a].[LockoutEnd], [a].[NormalizedEmail], [a].[NormalizedUserName], [a].[PasswordHash], [a].[PhoneNumber], [a].[PhoneNumberConfirmed], [a].[SecurityStamp], [a].[TwoFactorEnabled], [a].[UserName]
FROM [AspNetUsers] AS [a]
WHERE [a].[NormalizedUserName] = @__normalizedUserName_0
[2022-09-29 04:16:11.486 +06:00  INF]  Executed DbCommand (3ms) [Parameters=[@__userId_0='?' (Size = 450)], CommandType='"Text"', CommandTimeout='30']
SELECT [a0].[Name]
FROM [AspNetUserRoles] AS [a]
INNER JOIN [AspNetRoles] AS [a0] ON [a].[RoleId] = [a0].[Id]
WHERE [a].[UserId] = @__userId_0
[2022-09-29 04:16:11.487 +06:00  INF]  Executing OkObjectResult, writing value of type '<>f__AnonymousType0`2[[System.String, System.Private.CoreLib, Version=6.0.0.0, Culture=neutral, PublicKeyToken=7cec85d7bea7798e],[System.DateTime, System.Private.CoreLib, Version=6.0.0.0, Culture=neutral, PublicKeyToken=7cec85d7bea7798e]]'.
[2022-09-29 04:16:11.487 +06:00  INF]  Executed action Authorization_System.API.Controllers.AuthenticateController.Login (Authorization_System.API) in 25.1661ms
[2022-09-29 04:16:11.487 +06:00  INF]  Executed endpoint 'Authorization_System.API.Controllers.AuthenticateController.Login (Authorization_System.API)'
[2022-09-29 04:16:11.487 +06:00  INF]  Request finished HTTP/2 POST https://localhost:7190/api/Authenticate/login application/json 41 - 200 - application/json;+charset=utf-8 26.1862ms
